logger: Circle 48 started on Raspberry Pi 400 4GB (AArch64)
logger: Revision code is c03130, compiler has been GCC 11.3.1
00:00:01.61 timer: SpeedFactor is 0.62
00:00:01.61 bcmpciehostbridge: read32 [fd509210] = 3
00:00:01.62 bcmpciehostbridge: write32 [fd509210] = 3
00:00:01.62 bcmpciehostbridge: read32 [fd509210] = 3
00:00:01.63 bcmpciehostbridge: read32 [fd509210] = 3
00:00:01.63 bcmpciehostbridge: write32 [fd509210] = 3
00:00:01.64 bcmpciehostbridge: read32 [fd509210] = 3
00:00:01.64 bcmpciehostbridge: read32 [fd509210] = 3
00:00:01.65 bcmpciehostbridge: write32 [fd509210] = 1
00:00:01.65 bcmpciehostbridge: read32 [fd509210] = 1
00:00:01.66 bcmpciehostbridge: read32 [fd504204] = 200000
00:00:01.66 bcmpciehostbridge: write32 [fd504204] = 200000
00:00:01.67 bcmpciehostbridge: read32 [fd504204] = 200000
00:00:01.67 bcmpciehostbridge: read32 [fd50406c] = 304
00:00:01.68 bcmpciehostbridge: read32 [fd504008] = 0
00:00:01.68 bcmpciehostbridge: write32 [fd504008] = 3000
00:00:01.69 bcmpciehostbridge: write32 [fd504034] = 11
00:00:01.69 bcmpciehostbridge: write32 [fd504038] = 4
00:00:01.70 bcmpciehostbridge: read32 [fd504008] = 3000
00:00:01.70 bcmpciehostbridge: write32 [fd504008] = 88003000
00:00:01.71 bcmpciehostbridge: read32 [fd50402c] = 0
00:00:01.71 bcmpciehostbridge: write32 [fd50402c] = 0
00:00:01.72 bcmpciehostbridge: read32 [fd50403c] = 0
00:00:01.72 bcmpciehostbridge: write32 [fd50403c] = 0
00:00:01.73 bcmpciehostbridge: write32 [fd504308] = ffffffff
00:00:01.73 bcmpciehostbridge: read32 [fd504308] = 0
00:00:01.74 bcmpciehostbridge: write32 [fd504310] = ffffffff
00:00:01.74 bcmpciehostbridge: read32 [fd504310] = 0
00:00:01.75 bcmpciehostbridge: read32 [fd5000b8] = 655c12
00:00:01.75 bcmpciehostbridge: read16 [fd5000dc] = 2
00:00:01.76 bcmpciehostbridge: write32 [fd5000b8] = 655c12
00:00:01.76 bcmpciehostbridge: write16 [fd5000dc] = 2
00:00:01.77 bcmpciehostbridge: read32 [fd509210] = 1
00:00:01.77 bcmpciehostbridge: write32 [fd509210] = 0
00:00:01.78 bcmpciehostbridge: read32 [fd509210] = 0
00:00:01.88 bcmpciehostbridge: read32 [fd504068] = b0
00:00:01.89 bcmpciehostbridge: read32 [fd504068] = b0
00:00:01.89 bcmpciehostbridge: read32 [fd504068] = b0
00:00:01.90 bcmpciehostbridge: write32 [fd50400c] = c0000000
00:00:01.90 bcmpciehostbridge: write32 [fd504010] = 0
00:00:01.91 bcmpciehostbridge: read32 [fd504070] = 10
00:00:01.91 bcmpciehostbridge: write32 [fd504070] = 0
00:00:01.91 bcmpciehostbridge: read32 [fd504070] = 0
00:00:01.92 bcmpciehostbridge: write32 [fd504070] = 3f00000
00:00:01.92 bcmpciehostbridge: read32 [fd504080] = 0
00:00:01.93 bcmpciehostbridge: write32 [fd504080] = 6
00:00:01.93 bcmpciehostbridge: read32 [fd504084] = 0
00:00:01.94 bcmpciehostbridge: write32 [fd504084] = 6
00:00:01.94 bcmpciehostbridge: read32 [fd50043c] = 20060400
00:00:01.95 bcmpciehostbridge: write32 [fd50043c] = 20060400
00:00:01.95 bcmpciehostbridge: read32 [fd50043c] = 20060400
00:00:01.96 bcmpciehostbridge: read16 [fd5000be] = 9012
00:00:01.96 pcie: Link up, 5.0 Gbps x1
00:00:01.97 bcmpciehostbridge: read32 [fd500188] = 0
00:00:01.97 bcmpciehostbridge: write32 [fd500188] = 0
00:00:01.98 bcmpciehostbridge: read32 [fd500188] = 0
00:00:01.98 bcmpciehostbridge: read32 [fd504204] = 200000
00:00:01.99 bcmpciehostbridge: write32 [fd504204] = 200002
00:00:01.99 bcmpciehostbridge: read32 [fd504204] = 200002
00:00:02.00 bcmpciehostbridge: read32 [fd500008] = 6040020
00:00:02.00 bcmpciehostbridge: read8 [fd50000e] = 1
00:00:02.01 bcmpciehostbridge: write8 [fd50000c] = 10
00:00:02.01 bcmpciehostbridge: write8 [fd500019] = 1
00:00:02.02 bcmpciehostbridge: write8 [fd50001a] = 1
00:00:02.02 bcmpciehostbridge: write16 [fd500020] = c000
00:00:02.03 bcmpciehostbridge: write16 [fd500022] = c000
00:00:02.03 bcmpciehostbridge: write8 [fd50003e] = 1
00:00:02.04 bcmpciehostbridge: read8 [fd5000ac] = 10
00:00:02.04 bcmpciehostbridge: write8 [fd5000c8] = 10
00:00:02.05 bcmpciehostbridge: write16 [fd500004] = 146
00:00:02.05 bcm-tags: Copied 16 bytes to pBuffer->Tags at address 0x500008:
00:00:02.06 bcm-tags: pTags[0x0] = 0x00030058
00:00:02.06 bcm-tags: pTags[0x4] = 0x00000004
00:00:02.07 bcm-tags: pTags[0x8] = 0x00000004
00:00:02.07 bcm-tags: pTags[0xc] = 0x00100000
00:00:02.07 bcmmailbox: read32 [fe00b898] = 40000000
00:00:02.08 bcmmailbox: read32 [fe00b8b8] = 40000000
00:00:02.08 bcmmailbox: write32 [fe00b8a0] = c0500008
00:00:02.09 bcmmailbox: read32 [fe00b898] = 40000000
00:00:02.09 bcmmailbox: read32 [fe00b898] = 40000000
00:00:02.10 bcmmailbox: read32 [fe00b898] = 40000000
00:00:02.10 bcmmailbox: read32 [fe00b898] = 40000000
00:00:02.11 bcmmailbox: read32 [fe00b898] = 40000000
00:00:02.11 bcmmailbox: read32 [fe00b898] = 40000000
00:00:02.12 bcmmailbox: read32 [fe00b898] = 40000000
00:00:02.12 bcmmailbox: read32 [fe00b898] = 40000000
00:00:02.13 bcmmailbox: read32 [fe00b898] = 40000000
00:00:02.13 bcmmailbox: read32 [fe00b898] = 40000000
00:00:02.14 bcmmailbox: read32 [fe00b898] = 1
00:00:02.14 bcmmailbox: read32 [fe00b880] = c0500008
00:00:02.14 bcm-tags: Copied back 16 bytes to pTags at address 0x29bd90:
00:00:02.15 bcm-tags: pTags[0x0] = 0x00030058 (after VC modifications)
00:00:02.16 bcm-tags: pTags[0x4] = 0x00000004 (after VC modifications)
00:00:02.16 bcm-tags: pTags[0x8] = 0x80000004 (after VC modifications)
00:00:02.17 bcm-tags: pTags[0xc] = 0x00000000 (after VC modifications)
00:00:02.18 bcmpciehostbridge: write32 [fd509000] = 100000
00:00:02.18 bcmpciehostbridge: read32 [fd508008] = c033001
00:00:02.19 bcmpciehostbridge: read8 [fd50800e] = 0
00:00:02.19 bcmpciehostbridge: write8 [fd50800c] = 10
00:00:02.20 bcmpciehostbridge: write32 [fd508010] = c0000004
00:00:02.20 bcmpciehostbridge: write32 [fd508014] = 0
00:00:02.21 bcmpciehostbridge: read8 [fd50803d] = 1
00:00:02.21 bcmpciehostbridge: write16 [fd508004] = 146
00:00:02.21 xhci: read16 [2] = 100
00:00:02.22 xhcimmiospace: read8 [0] = 20
00:00:02.22 xhcimmiospace: read32 [14] = 100
00:00:02.23 xhcimmiospace: read32 [18] = 200
00:00:02.23 xhcimmiospace: read32 [4] = 5000420
00:00:02.23 xhcimmiospace: read32 [8] = fc000031
00:00:02.24 xhcimmiospace: read32 [c] = e70004
00:00:02.24 xhcimmiospace: read32 [10] = 2841eb
00:00:02.25 xhci: 32 slots, 5 ports, 31 scratchpad bufs
00:00:02.25 xhcimmiospace: read32 [24] = 1
00:00:02.26 xhcimmiospace: read32 [20] = 0
00:00:02.26 xhcimmiospace: write32 [20] = 2
00:00:02.26 xhcimmiospace: read32 [20] = 2
00:00:02.27 xhcimmiospace: read32 [20] = 0
00:00:02.27 xhcimmiospace: read32 [24] = 11
00:00:02.27 xhcimmiospace: read32 [28] = 1
00:00:02.28 xhcimmiospace: read32 [58] = 0
00:00:02.28 xhcimmiospace: write32 [58] = 20
00:00:02.29 xhcimmiospace: write32 [50] = 600040
00:00:02.29 xhcimmiospace: write32 [54] = 4
00:00:02.29 xhcimmiospace: write32 [228] = 1
00:00:02.30 xhcimmiospace: write32 [230] = 6018c0
00:00:02.30 xhcimmiospace: write32 [234] = 4
00:00:02.31 xhcimmiospace: write32 [238] = 600880
00:00:02.31 xhcimmiospace: write32 [23c] = 4
00:00:02.32 xhcimmiospace: write32 [224] = 1f4
00:00:02.32 xhcimmiospace: read32 [220] = 0
00:00:02.32 xhcimmiospace: write32 [220] = 2
00:00:02.33 xhcimmiospace: write32 [38] = 602101
00:00:02.33 xhcimmiospace: write32 [3c] = 4
00:00:02.34 xhci-log-prefix: Scratchpad Buffer base address: 0x0000000000603000
00:00:02.34 xhci-log-prefix: DMA offset (XHCI_TO_DMA(0)):     0x0000000400000000
00:00:02.35 xhci-log-prefix: DMA base address:                0x0000000400603000
00:00:02.36 xhci-log-prefix: Scratchpad buffer 0 DMA addr: 0x0000000400603000
00:00:02.36 xhci-log-prefix: Scratchpad buffer 1 DMA addr: 0x0000000400604000
00:00:02.37 xhci-log-prefix: Scratchpad buffer 2 DMA addr: 0x0000000400605000
00:00:02.38 xhci-log-prefix: Scratchpad buffer 3 DMA addr: 0x0000000400606000
00:00:02.38 xhci-log-prefix: Scratchpad buffer 4 DMA addr: 0x0000000400607000
00:00:02.39 xhci-log-prefix: Scratchpad buffer 5 DMA addr: 0x0000000400608000
00:00:02.40 xhci-log-prefix: Scratchpad buffer 6 DMA addr: 0x0000000400609000
00:00:02.40 xhci-log-prefix: Scratchpad buffer 7 DMA addr: 0x000000040060A000
00:00:02.41 xhci-log-prefix: Scratchpad buffer 8 DMA addr: 0x000000040060B000
00:00:02.42 xhci-log-prefix: Scratchpad buffer 9 DMA addr: 0x000000040060C000
00:00:02.43 xhci-log-prefix: Scratchpad buffer 10 DMA addr: 0x000000040060D000
00:00:02.43 xhci-log-prefix: Scratchpad buffer 11 DMA addr: 0x000000040060E000
00:00:02.44 xhci-log-prefix: Scratchpad buffer 12 DMA addr: 0x000000040060F000
00:00:02.45 xhci-log-prefix: Scratchpad buffer 13 DMA addr: 0x0000000400610000
00:00:02.45 xhci-log-prefix: Scratchpad buffer 14 DMA addr: 0x0000000400611000
00:00:02.46 xhci-log-prefix: Scratchpad buffer 15 DMA addr: 0x0000000400612000
00:00:02.47 xhci-log-prefix: Scratchpad buffer 16 DMA addr: 0x0000000400613000
00:00:02.47 xhci-log-prefix: Scratchpad buffer 17 DMA addr: 0x0000000400614000
00:00:02.48 xhci-log-prefix: Scratchpad buffer 18 DMA addr: 0x0000000400615000
00:00:02.49 xhci-log-prefix: Scratchpad buffer 19 DMA addr: 0x0000000400616000
00:00:02.50 xhci-log-prefix: Scratchpad buffer 20 DMA addr: 0x0000000400617000
00:00:02.50 xhci-log-prefix: Scratchpad buffer 21 DMA addr: 0x0000000400618000
00:00:02.51 xhci-log-prefix: Scratchpad buffer 22 DMA addr: 0x0000000400619000
00:00:02.52 xhci-log-prefix: Scratchpad buffer 23 DMA addr: 0x000000040061A000
00:00:02.52 xhci-log-prefix: Scratchpad buffer 24 DMA addr: 0x000000040061B000
00:00:02.53 xhci-log-prefix: Scratchpad buffer 25 DMA addr: 0x000000040061C000
00:00:02.54 xhci-log-prefix: Scratchpad buffer 26 DMA addr: 0x000000040061D000
00:00:02.54 xhci-log-prefix: Scratchpad buffer 27 DMA addr: 0x000000040061E000
00:00:02.55 xhci-log-prefix: Scratchpad buffer 28 DMA addr: 0x000000040061F000
00:00:02.56 xhci-log-prefix: Scratchpad buffer 29 DMA addr: 0x0000000400620000
00:00:02.56 xhci-log-prefix: Scratchpad buffer 30 DMA addr: 0x0000000400621000
00:00:02.58 xhcimmiospace: read32 [20] = 0
00:00:02.58 xhcimmiospace: write32 [20] = 4
00:00:02.58 xhcimmiospace: read32 [20] = 4
00:00:02.59 xhcimmiospace: write32 [20] = 5
00:00:02.59 xhci: IRQ
00:00:02.59 xhcimmiospace: read32 [24] = 18
00:00:02.59 xhcimmiospace: write32 [24] = 18
00:00:02.59 xhcimmiospace: read32 [220] = 3
00:00:02.59 xhcimmiospace: write32 [220] = 3
00:00:02.59 xhcimmiospace: read32 [420] = 400202e1
00:00:02.59 xhciroot: Port 1 status is 0x400202E1
00:00:02.59 xhcimmiospace: write32 [420] = 400202e1
00:00:02.59 xhcimmiospace: write32 [238] = 600898
00:00:02.59 xhcimmiospace: write32 [23c] = 4
00:00:02.96 xhcimmiospace: read32 [420] = 400002e1
00:00:02.97 xhcimmiospace: read32 [420] = 400002e1
00:00:02.97 xhcimmiospace: write32 [420] = 400002f1
00:00:03.00 xhci: IRQ
00:00:03.00 xhcimmiospace: read32 [24] = 18
00:00:03.00 xhcimmiospace: write32 [24] = 18
00:00:03.00 xhcimmiospace: read32 [220] = 3
00:00:03.00 xhcimmiospace: write32 [220] = 3
00:00:03.00 xhcimmiospace: read32 [420] = 40200e03
00:00:03.00 xhciroot: Port 1 status is 0x40200E03
00:00:03.00 xhcimmiospace: write32 [420] = 40200e01
00:00:03.00 xhcimmiospace: write32 [238] = 6008a8
00:00:03.00 xhcimmiospace: write32 [23c] = 4
00:00:03.39 xhcimmiospace: read32 [420] = 40000e03
00:00:03.50 xhcimmiospace: read32 [420] = 40000e03
00:00:03.51 xhcicmd: Execute command 9 (control 0x2400)
00:00:03.51 xhcicommand: Dumping 0x10 bytes starting at 0x602100
00:00:03.52 xhcicommand: 2100: 00 00 00 00 00 00 00 00-00 00 00 00 01 24 00 00
00:00:03.52 xhcimmiospace: write32 [100] = 0
00:00:03.53 xhci: IRQ
00:00:03.53 xhcimmiospace: read32 [24] = 8
00:00:03.53 xhcimmiospace: write32 [24] = 8
00:00:03.53 xhcimmiospace: read32 [220] = 3
00:00:03.53 xhcimmiospace: write32 [220] = 3
00:00:03.53 xhcicmd: Command 9 completed with 1 (slot 1)
00:00:03.53 xhcimmiospace: write32 [238] = 6008b8
00:00:03.53 xhcimmiospace: write32 [23c] = 4
00:00:03.79 inputcontext: Dumping 0x420 bytes starting at 0xDEA000
00:00:03.80 inputcontext: A000: 00 00 00 00 03 00 00 00-00 00 00 00 00 00 00 00
00:00:03.81 inputcontext: A010: 00 00 00 00 00 00 00 00-00 00 00 00 00 00 00 00
00:00:03.81 inputcontext: A020: 00 00 30 08 00 00 01 00-00 00 00 00 00 00 00 00
00:00:03.82 inputcontext: A030: 00 00 00 00 00 00 00 00-00 00 00 00 00 00 00 00
00:00:03.83 inputcontext: A040: 00 00 00 00 26 00 40 00-81 28 62 00 04 00 00 00
00:00:03.84 inputcontext: A050: 08 00 00 00 00 00 00 00-00 00 00 00 00 00 00 00
00:00:03.84 inputcontext: A060: 00 00 00 00 00 00 00 00-00 00 00 00 00 00 00 00
00:00:03.85 inputcontext: A070: 00 00 00 00 00 00 00 00-00 00 00 00 00 00 00 00
00:00:03.86 inputcontext: A080: 00 00 00 00 00 00 00 00-00 00 00 00 00 00 00 00
00:00:03.86 inputcontext: A090: 00 00 00 00 00 00 00 00-00 00 00 00 00 00 00 00
00:00:03.87 inputcontext: A0A0: 00 00 00 00 00 00 00 00-00 00 00 00 00 00 00 00
00:00:03.88 inputcontext: A0B0: 00 00 00 00 00 00 00 00-00 00 00 00 00 00 00 00
00:00:03.89 inputcontext: A0C0: 00 00 00 00 00 00 00 00-00 00 00 00 00 00 00 00
00:00:03.89 inputcontext: A0D0: 00 00 00 00 00 00 00 00-00 00 00 00 00 00 00 00
00:00:03.90 inputcontext: A0E0: 00 00 00 00 00 00 00 00-00 00 00 00 00 00 00 00
00:00:03.91 inputcontext: A0F0: 00 00 00 00 00 00 00 00-00 00 00 00 00 00 00 00
00:00:03.91 inputcontext: A100: 00 00 00 00 00 00 00 00-00 00 00 00 00 00 00 00
00:00:03.92 inputcontext: A110: 00 00 00 00 00 00 00 00-00 00 00 00 00 00 00 00
00:00:03.93 inputcontext: A120: 00 00 00 00 00 00 00 00-00 00 00 00 00 00 00 00
00:00:03.93 inputcontext: A130: 00 00 00 00 00 00 00 00-00 00 00 00 00 00 00 00
00:00:03.94 inputcontext: A140: 00 00 00 00 00 00 00 00-00 00 00 00 00 00 00 00
00:00:03.95 inputcontext: A150: 00 00 00 00 00 00 00 00-00 00 00 00 00 00 00 00
00:00:03.96 inputcontext: A160: 00 00 00 00 00 00 00 00-00 00 00 00 00 00 00 00
00:00:03.96 inputcontext: A170: 00 00 00 00 00 00 00 00-00 00 00 00 00 00 00 00
00:00:03.97 inputcontext: A180: 00 00 00 00 00 00 00 00-00 00 00 00 00 00 00 00
00:00:03.98 inputcontext: A190: 00 00 00 00 00 00 00 00-00 00 00 00 00 00 00 00
00:00:03.98 inputcontext: A1A0: 00 00 00 00 00 00 00 00-00 00 00 00 00 00 00 00
00:00:03.99 inputcontext: A1B0: 00 00 00 00 00 00 00 00-00 00 00 00 00 00 00 00
00:00:04.00 inputcontext: A1C0: 00 00 00 00 00 00 00 00-00 00 00 00 00 00 00 00
00:00:04.00 inputcontext: A1D0: 00 00 00 00 00 00 00 00-00 00 00 00 00 00 00 00
00:00:04.01 inputcontext: A1E0: 00 00 00 00 00 00 00 00-00 00 00 00 00 00 00 00
00:00:04.02 inputcontext: A1F0: 00 00 00 00 00 00 00 00-00 00 00 00 00 00 00 00
00:00:04.03 inputcontext: A200: 00 00 00 00 00 00 00 00-00 00 00 00 00 00 00 00
00:00:04.03 inputcontext: A210: 00 00 00 00 00 00 00 00-00 00 00 00 00 00 00 00
00:00:04.04 inputcontext: A220: 00 00 00 00 00 00 00 00-00 00 00 00 00 00 00 00
00:00:04.05 inputcontext: A230: 00 00 00 00 00 00 00 00-00 00 00 00 00 00 00 00
00:00:04.05 inputcontext: A240: 00 00 00 00 00 00 00 00-00 00 00 00 00 00 00 00
00:00:04.06 inputcontext: A250: 00 00 00 00 00 00 00 00-00 00 00 00 00 00 00 00
00:00:04.07 inputcontext: A260: 00 00 00 00 00 00 00 00-00 00 00 00 00 00 00 00
00:00:04.08 inputcontext: A270: 00 00 00 00 00 00 00 00-00 00 00 00 00 00 00 00
00:00:04.08 inputcontext: A280: 00 00 00 00 00 00 00 00-00 00 00 00 00 00 00 00
00:00:04.09 inputcontext: A290: 00 00 00 00 00 00 00 00-00 00 00 00 00 00 00 00
00:00:04.10 inputcontext: A2A0: 00 00 00 00 00 00 00 00-00 00 00 00 00 00 00 00
00:00:04.10 inputcontext: A2B0: 00 00 00 00 00 00 00 00-00 00 00 00 00 00 00 00
00:00:04.11 inputcontext: A2C0: 00 00 00 00 00 00 00 00-00 00 00 00 00 00 00 00
00:00:04.12 inputcontext: A2D0: 00 00 00 00 00 00 00 00-00 00 00 00 00 00 00 00
00:00:04.12 inputcontext: A2E0: 00 00 00 00 00 00 00 00-00 00 00 00 00 00 00 00
00:00:04.13 inputcontext: A2F0: 00 00 00 00 00 00 00 00-00 00 00 00 00 00 00 00
00:00:04.14 inputcontext: A300: 00 00 00 00 00 00 00 00-00 00 00 00 00 00 00 00
00:00:04.15 inputcontext: A310: 00 00 00 00 00 00 00 00-00 00 00 00 00 00 00 00
00:00:04.15 inputcontext: A320: 00 00 00 00 00 00 00 00-00 00 00 00 00 00 00 00
00:00:04.16 inputcontext: A330: 00 00 00 00 00 00 00 00-00 00 00 00 00 00 00 00
00:00:04.17 inputcontext: A340: 00 00 00 00 00 00 00 00-00 00 00 00 00 00 00 00
00:00:04.17 inputcontext: A350: 00 00 00 00 00 00 00 00-00 00 00 00 00 00 00 00
00:00:04.18 inputcontext: A360: 00 00 00 00 00 00 00 00-00 00 00 00 00 00 00 00
00:00:04.19 inputcontext: A370: 00 00 00 00 00 00 00 00-00 00 00 00 00 00 00 00
00:00:04.19 inputcontext: A380: 00 00 00 00 00 00 00 00-00 00 00 00 00 00 00 00
00:00:04.20 inputcontext: A390: 00 00 00 00 00 00 00 00-00 00 00 00 00 00 00 00
00:00:04.21 inputcontext: A3A0: 00 00 00 00 00 00 00 00-00 00 00 00 00 00 00 00
00:00:04.22 inputcontext: A3B0: 00 00 00 00 00 00 00 00-00 00 00 00 00 00 00 00
00:00:04.22 inputcontext: A3C0: 00 00 00 00 00 00 00 00-00 00 00 00 00 00 00 00
00:00:04.23 inputcontext: A3D0: 00 00 00 00 00 00 00 00-00 00 00 00 00 00 00 00
00:00:04.24 inputcontext: A3E0: 00 00 00 00 00 00 00 00-00 00 00 00 00 00 00 00
00:00:04.24 inputcontext: A3F0: 00 00 00 00 00 00 00 00-00 00 00 00 00 00 00 00
00:00:04.25 inputcontext: A400: 00 00 00 00 00 00 00 00-00 00 00 00 00 00 00 00
00:00:04.26 inputcontext: A410: 00 00 00 00 00 00 00 00-00 00 00 00 00 00 00 00
00:00:04.26 xhcicmd: Execute command 11 (control 0x1002C00)
00:00:04.27 xhcicommand: Dumping 0x10 bytes starting at 0x602110
00:00:04.28 xhcicommand: 2110: 00 A0 DE 00 04 00 00 00-00 00 00 00 01 2C 00 01
00:00:04.28 xhcimmiospace: write32 [100] = 0
00:00:04.29 xhci: IRQ
00:00:04.29 xhcimmiospace: read32 [24] = 8
00:00:04.29 xhcimmiospace: write32 [24] = 8
00:00:04.29 xhcimmiospace: read32 [220] = 3
00:00:04.29 xhcimmiospace: write32 [220] = 3
00:00:04.29 xhcicmd: Command 11 completed with 1 (slot 1)
00:00:04.29 xhcimmiospace: write32 [238] = 6008c8
00:00:04.29 xhcimmiospace: write32 [23c] = 4
00:00:04.60 xhcimmiospace: write32 [104] = 1
00:00:04.61 xhci: IRQ
00:00:04.61 xhcimmiospace: read32 [24] = 8
00:00:04.61 xhcimmiospace: write32 [24] = 8
00:00:04.61 xhcimmiospace: read32 [220] = 3
00:00:04.61 xhcimmiospace: write32 [220] = 3
00:00:04.61 xhciep: Transfer event on endpoint 1 (completion 1, length 0)
00:00:04.61 xhcimmiospace: write32 [238] = 6008d8
00:00:04.61 xhcimmiospace: write32 [23c] = 4
00:00:04.88 xhcimmiospace: write32 [104] = 1
00:00:04.89 xhci: IRQ
00:00:04.89 xhcimmiospace: read32 [24] = 8
00:00:04.89 xhcimmiospace: write32 [24] = 8
00:00:04.89 xhcimmiospace: read32 [220] = 3
00:00:04.89 xhcimmiospace: write32 [220] = 3
00:00:04.89 xhciep: Transfer event on endpoint 1 (completion 1, length 0)
00:00:04.89 xhcimmiospace: write32 [238] = 6008e8
00:00:04.89 xhcimmiospace: write32 [23c] = 4
00:00:05.17 xhcimmiospace: write32 [104] = 1
00:00:05.18 xhci: IRQ
00:00:05.18 xhcimmiospace: read32 [24] = 8
00:00:05.18 xhcimmiospace: write32 [24] = 8
00:00:05.18 xhcimmiospace: read32 [220] = 3
00:00:05.18 xhcimmiospace: write32 [220] = 3
00:00:05.18 xhciep: Transfer event on endpoint 1 (completion 1, length 0)
00:00:05.18 xhcimmiospace: write32 [238] = 6008f8
00:00:05.18 xhcimmiospace: write32 [23c] = 4
00:00:05.47 xhcimmiospace: write32 [104] = 1
00:00:05.48 xhci: IRQ
00:00:05.48 xhcimmiospace: read32 [24] = 8
00:00:05.48 xhcimmiospace: write32 [24] = 8
00:00:05.48 xhcimmiospace: read32 [220] = 3
00:00:05.48 xhcimmiospace: write32 [220] = 3
00:00:05.48 xhciep: Transfer event on endpoint 1 (completion 1, length 0)
00:00:05.48 xhcimmiospace: write32 [238] = 600908
00:00:05.48 xhcimmiospace: write32 [23c] = 4
00:00:05.77 usbdev1: Device ven2109-3431, dev9-0-1 found (HS)
00:00:05.78 xhcimmiospace: write32 [104] = 1
00:00:05.78 xhci: IRQ
00:00:05.78 xhcimmiospace: read32 [24] = 8
00:00:05.78 xhcimmiospace: write32 [24] = 8
00:00:05.78 xhcimmiospace: read32 [220] = 3
00:00:05.78 xhcimmiospace: write32 [220] = 3
00:00:05.78 xhciep: Transfer event on endpoint 1 (completion 1, length 0)
00:00:05.78 xhcimmiospace: write32 [238] = 600918
00:00:05.78 xhcimmiospace: write32 [23c] = 4
00:00:06.11 xhcimmiospace: write32 [104] = 1
00:00:06.12 xhci: IRQ
00:00:06.12 xhcimmiospace: read32 [24] = 8
00:00:06.12 xhcimmiospace: write32 [24] = 8
00:00:06.12 xhcimmiospace: read32 [220] = 3
00:00:06.12 xhcimmiospace: write32 [220] = 3
00:00:06.12 xhciep: Transfer event on endpoint 1 (completion 1, length 0)
00:00:06.12 xhcimmiospace: write32 [238] = 600928
00:00:06.12 xhcimmiospace: write32 [23c] = 4
00:00:06.41 xhcimmiospace: write32 [104] = 1
00:00:06.42 xhci: IRQ
00:00:06.42 xhcimmiospace: read32 [24] = 8
00:00:06.42 xhcimmiospace: write32 [24] = 8
00:00:06.42 xhcimmiospace: read32 [220] = 3
00:00:06.42 xhcimmiospace: write32 [220] = 3
00:00:06.42 xhciep: Transfer event on endpoint 1 (completion 1, length 0)
00:00:06.42 xhcimmiospace: write32 [238] = 600938
00:00:06.42 xhcimmiospace: write32 [23c] = 4
00:00:06.70 usbdev1: Product: USB2.0 Hub
00:00:06.71 xhcimmiospace: write32 [104] = 1
00:00:06.71 xhci: IRQ
00:00:06.71 xhcimmiospace: read32 [24] = 8
00:00:06.71 xhcimmiospace: write32 [24] = 8
00:00:06.71 xhcimmiospace: read32 [220] = 3
00:00:06.71 xhcimmiospace: write32 [220] = 3
00:00:06.71 xhciep: Transfer event on endpoint 1 (completion 1, length 0)
00:00:06.71 xhcimmiospace: write32 [238] = 600948
00:00:06.71 xhcimmiospace: write32 [23c] = 4
00:00:07.08 usbdev1: Interface int9-0-0 found
00:00:07.09 usbdev1: Using device/interface int9-0-0
00:00:07.09 xhcimmiospace: write32 [104] = 1
00:00:07.09 xhci: IRQ
00:00:07.09 xhcimmiospace: read32 [24] = 8
00:00:07.09 xhcimmiospace: write32 [24] = 8
00:00:07.09 xhcimmiospace: read32 [220] = 3
00:00:07.09 xhcimmiospace: write32 [220] = 3
00:00:07.09 xhciep: Transfer event on endpoint 1 (completion 1, length 0)
00:00:07.09 xhcimmiospace: write32 [238] = 600958
00:00:07.09 xhcimmiospace: write32 [23c] = 4
00:00:07.43 xhcicmd: Execute command 13 (control 0x1003400)
00:00:07.44 xhcicommand: Dumping 0x10 bytes starting at 0x602120
00:00:07.44 xhcicommand: 2120: 00 A0 DE 00 04 00 00 00-00 00 00 00 01 34 00 01
00:00:07.45 xhcimmiospace: write32 [100] = 0
00:00:07.46 xhci: IRQ
00:00:07.46 xhcimmiospace: read32 [24] = 8
00:00:07.46 xhcimmiospace: write32 [24] = 8
00:00:07.46 xhcimmiospace: read32 [220] = 3
00:00:07.46 xhcimmiospace: write32 [220] = 3
00:00:07.46 xhcicmd: Command 13 completed with 1 (slot 1)
00:00:07.46 xhcimmiospace: write32 [238] = 600968
00:00:07.46 xhcimmiospace: write32 [23c] = 4
00:00:07.72 xhcimmiospace: read32 [420] = 40000e03
00:00:07.75 xhciroot: Port 1: Device initialized
00:00:07.76 xhcimmiospace: read32 [430] = 2a0
00:00:07.76 xhcimmiospace: read32 [440] = 2a0
00:00:07.77 xhcimmiospace: read32 [450] = 2a0
00:00:07.77 xhcimmiospace: read32 [460] = 2a0
00:00:07.78 xhcicmd: Execute command 12 (control 0x1003000)
00:00:07.78 xhcicommand: Dumping 0x10 bytes starting at 0x602130
00:00:07.79 xhcicommand: 2130: 00 A0 DE 00 04 00 00 00-00 00 00 00 01 30 00 01
00:00:07.79 xhcimmiospace: write32 [100] = 0
00:00:07.80 xhci: IRQ
00:00:07.80 xhcimmiospace: read32 [24] = 8
00:00:07.80 xhcimmiospace: write32 [24] = 8
00:00:07.80 xhcimmiospace: read32 [220] = 3
00:00:07.80 xhcimmiospace: write32 [220] = 3
00:00:07.80 xhcicmd: Command 12 completed with 1 (slot 1)
00:00:07.80 xhcimmiospace: write32 [238] = 600978
00:00:07.80 xhcimmiospace: write32 [23c] = 4
00:00:08.07 xhcimmiospace: write32 [104] = 1
00:00:08.08 xhci: IRQ
00:00:08.08 xhcimmiospace: read32 [24] = 8
00:00:08.08 xhcimmiospace: write32 [24] = 8
00:00:08.08 xhcimmiospace: read32 [220] = 3
00:00:08.08 xhcimmiospace: write32 [220] = 3
00:00:08.08 xhciep: Transfer event on endpoint 1 (completion 1, length 0)
00:00:08.08 xhcimmiospace: write32 [238] = 600988
00:00:08.08 xhcimmiospace: write32 [23c] = 4
00:00:08.36 xhcimmiospace: write32 [104] = 1
00:00:08.37 xhci: IRQ
00:00:08.37 xhcimmiospace: read32 [24] = 8
00:00:08.37 xhcimmiospace: write32 [24] = 8
00:00:08.37 xhcimmiospace: read32 [220] = 3
00:00:08.37 xhcimmiospace: write32 [220] = 3
00:00:08.37 xhciep: Transfer event on endpoint 1 (completion 1, length 0)
00:00:08.37 xhcimmiospace: write32 [238] = 600998
00:00:08.37 xhcimmiospace: write32 [23c] = 4
00:00:08.66 xhcimmiospace: write32 [104] = 1
00:00:08.67 xhci: IRQ
00:00:08.67 xhcimmiospace: read32 [24] = 8
00:00:08.67 xhcimmiospace: write32 [24] = 8
00:00:08.67 xhcimmiospace: read32 [220] = 3
00:00:08.67 xhcimmiospace: write32 [220] = 3
00:00:08.67 xhciep: Transfer event on endpoint 1 (completion 1, length 0)
00:00:08.67 xhcimmiospace: write32 [238] = 6009a8
00:00:08.67 xhcimmiospace: write32 [23c] = 4
00:00:08.96 xhcimmiospace: write32 [104] = 1
00:00:08.97 xhci: IRQ
00:00:08.97 xhcimmiospace: read32 [24] = 8
00:00:08.97 xhcimmiospace: write32 [24] = 8
00:00:08.97 xhcimmiospace: read32 [220] = 3
00:00:08.97 xhcimmiospace: write32 [220] = 3
00:00:08.97 xhciep: Transfer event on endpoint 1 (completion 1, length 0)
00:00:08.97 xhcimmiospace: write32 [238] = 6009b8
00:00:08.97 xhcimmiospace: write32 [23c] = 4
00:00:09.76 xhcimmiospace: write32 [104] = 1
00:00:09.77 xhci: IRQ
00:00:09.77 xhcimmiospace: read32 [24] = 8
00:00:09.77 xhcimmiospace: write32 [24] = 8
00:00:09.77 xhcimmiospace: read32 [220] = 3
00:00:09.77 xhcimmiospace: write32 [220] = 3
00:00:09.77 xhciep: Transfer event on endpoint 1 (completion 1, length 0)
00:00:09.77 xhcimmiospace: write32 [238] = 6009c8
00:00:09.77 xhcimmiospace: write32 [23c] = 4
00:00:10.04 xhcimmiospace: write32 [104] = 1
00:00:10.05 xhci: IRQ
00:00:10.05 xhcimmiospace: read32 [24] = 8
00:00:10.05 xhcimmiospace: write32 [24] = 8
00:00:10.05 xhcimmiospace: read32 [220] = 3
00:00:10.05 xhcimmiospace: write32 [220] = 3
00:00:10.05 xhciep: Transfer event on endpoint 1 (completion 1, length 0)
00:00:10.05 xhcimmiospace: write32 [238] = 6009d8
00:00:10.05 xhcimmiospace: write32 [23c] = 4
00:00:10.44 xhcimmiospace: write32 [104] = 1
00:00:10.45 xhci: IRQ
00:00:10.45 xhcimmiospace: read32 [24] = 8
00:00:10.45 xhcimmiospace: write32 [24] = 8
00:00:10.45 xhcimmiospace: read32 [220] = 3
00:00:10.45 xhcimmiospace: write32 [220] = 3
00:00:10.45 xhciep: Transfer event on endpoint 1 (completion 1, length 0)
00:00:10.45 xhcimmiospace: write32 [238] = 6009e8
00:00:10.45 xhcimmiospace: write32 [23c] = 4
00:00:10.78 xhcicmd: Execute command 9 (control 0x2400)
00:00:10.79 xhcicommand: Dumping 0x10 bytes starting at 0x602140
00:00:10.80 xhcicommand: 2140: 00 00 00 00 00 00 00 00-00 00 00 00 01 24 00 00
00:00:10.80 xhcimmiospace: write32 [100] = 0
00:00:10.81 xhci: IRQ
00:00:10.81 xhcimmiospace: read32 [24] = 8
00:00:10.81 xhcimmiospace: write32 [24] = 8
00:00:10.81 xhcimmiospace: read32 [220] = 3
00:00:10.81 xhcimmiospace: write32 [220] = 3
00:00:10.81 xhcicmd: Command 9 completed with 1 (slot 2)
00:00:10.81 xhcimmiospace: write32 [238] = 6009f8
00:00:10.81 xhcimmiospace: write32 [23c] = 4
00:00:11.07 inputcontext: Dumping 0x420 bytes starting at 0xDEA000
00:00:11.08 inputcontext: A000: 00 00 00 00 03 00 00 00-00 00 00 00 00 00 00 00
00:00:11.09 inputcontext: A010: 00 00 00 00 00 00 00 00-00 00 00 00 00 00 00 00
00:00:11.09 inputcontext: A020: 01 00 20 08 00 00 01 00-01 01 00 00 00 00 00 00
00:00:11.10 inputcontext: A030: 00 00 00 00 00 00 00 00-00 00 00 00 00 00 00 00
00:00:11.11 inputcontext: A040: 00 00 00 00 26 00 08 00-41 41 62 00 04 00 00 00
00:00:11.11 inputcontext: A050: 08 00 00 00 00 00 00 00-00 00 00 00 00 00 00 00
00:00:11.12 inputcontext: A060: 00 00 00 00 00 00 00 00-00 00 00 00 00 00 00 00
00:00:11.13 inputcontext: A070: 00 00 00 00 00 00 00 00-00 00 00 00 00 00 00 00
00:00:11.14 inputcontext: A080: 00 00 00 00 00 00 00 00-00 00 00 00 00 00 00 00
00:00:11.14 inputcontext: A090: 00 00 00 00 00 00 00 00-00 00 00 00 00 00 00 00
00:00:11.15 inputcontext: A0A0: 00 00 00 00 00 00 00 00-00 00 00 00 00 00 00 00
00:00:11.16 inputcontext: A0B0: 00 00 00 00 00 00 00 00-00 00 00 00 00 00 00 00
00:00:11.16 inputcontext: A0C0: 00 00 00 00 00 00 00 00-00 00 00 00 00 00 00 00
00:00:11.17 inputcontext: A0D0: 00 00 00 00 00 00 00 00-00 00 00 00 00 00 00 00
00:00:11.18 inputcontext: A0E0: 00 00 00 00 00 00 00 00-00 00 00 00 00 00 00 00
00:00:11.19 inputcontext: A0F0: 00 00 00 00 00 00 00 00-00 00 00 00 00 00 00 00
00:00:11.19 inputcontext: A100: 00 00 00 00 00 00 00 00-00 00 00 00 00 00 00 00
00:00:11.20 inputcontext: A110: 00 00 00 00 00 00 00 00-00 00 00 00 00 00 00 00
00:00:11.21 inputcontext: A120: 00 00 00 00 00 00 00 00-00 00 00 00 00 00 00 00
00:00:11.21 inputcontext: A130: 00 00 00 00 00 00 00 00-00 00 00 00 00 00 00 00
00:00:11.22 inputcontext: A140: 00 00 00 00 00 00 00 00-00 00 00 00 00 00 00 00
00:00:11.23 inputcontext: A150: 00 00 00 00 00 00 00 00-00 00 00 00 00 00 00 00
00:00:11.23 inputcontext: A160: 00 00 00 00 00 00 00 00-00 00 00 00 00 00 00 00
00:00:11.24 inputcontext: A170: 00 00 00 00 00 00 00 00-00 00 00 00 00 00 00 00
00:00:11.25 inputcontext: A180: 00 00 00 00 00 00 00 00-00 00 00 00 00 00 00 00
00:00:11.26 inputcontext: A190: 00 00 00 00 00 00 00 00-00 00 00 00 00 00 00 00
00:00:11.26 inputcontext: A1A0: 00 00 00 00 00 00 00 00-00 00 00 00 00 00 00 00
00:00:11.27 inputcontext: A1B0: 00 00 00 00 00 00 00 00-00 00 00 00 00 00 00 00
00:00:11.28 inputcontext: A1C0: 00 00 00 00 00 00 00 00-00 00 00 00 00 00 00 00
00:00:11.28 inputcontext: A1D0: 00 00 00 00 00 00 00 00-00 00 00 00 00 00 00 00
00:00:11.29 inputcontext: A1E0: 00 00 00 00 00 00 00 00-00 00 00 00 00 00 00 00
00:00:11.30 inputcontext: A1F0: 00 00 00 00 00 00 00 00-00 00 00 00 00 00 00 00
00:00:11.30 inputcontext: A200: 00 00 00 00 00 00 00 00-00 00 00 00 00 00 00 00
00:00:11.31 inputcontext: A210: 00 00 00 00 00 00 00 00-00 00 00 00 00 00 00 00
00:00:11.32 inputcontext: A220: 00 00 00 00 00 00 00 00-00 00 00 00 00 00 00 00
00:00:11.33 inputcontext: A230: 00 00 00 00 00 00 00 00-00 00 00 00 00 00 00 00
00:00:11.33 inputcontext: A240: 00 00 00 00 00 00 00 00-00 00 00 00 00 00 00 00
00:00:11.34 inputcontext: A250: 00 00 00 00 00 00 00 00-00 00 00 00 00 00 00 00
00:00:11.35 inputcontext: A260: 00 00 00 00 00 00 00 00-00 00 00 00 00 00 00 00
00:00:11.35 inputcontext: A270: 00 00 00 00 00 00 00 00-00 00 00 00 00 00 00 00
00:00:11.36 inputcontext: A280: 00 00 00 00 00 00 00 00-00 00 00 00 00 00 00 00
00:00:11.37 inputcontext: A290: 00 00 00 00 00 00 00 00-00 00 00 00 00 00 00 00
00:00:11.38 inputcontext: A2A0: 00 00 00 00 00 00 00 00-00 00 00 00 00 00 00 00
00:00:11.38 inputcontext: A2B0: 00 00 00 00 00 00 00 00-00 00 00 00 00 00 00 00
00:00:11.39 inputcontext: A2C0: 00 00 00 00 00 00 00 00-00 00 00 00 00 00 00 00
00:00:11.40 inputcontext: A2D0: 00 00 00 00 00 00 00 00-00 00 00 00 00 00 00 00
00:00:11.40 inputcontext: A2E0: 00 00 00 00 00 00 00 00-00 00 00 00 00 00 00 00
00:00:11.41 inputcontext: A2F0: 00 00 00 00 00 00 00 00-00 00 00 00 00 00 00 00
00:00:11.42 inputcontext: A300: 00 00 00 00 00 00 00 00-00 00 00 00 00 00 00 00
00:00:11.42 inputcontext: A310: 00 00 00 00 00 00 00 00-00 00 00 00 00 00 00 00
00:00:11.43 inputcontext: A320: 00 00 00 00 00 00 00 00-00 00 00 00 00 00 00 00
00:00:11.44 inputcontext: A330: 00 00 00 00 00 00 00 00-00 00 00 00 00 00 00 00
00:00:11.45 inputcontext: A340: 00 00 00 00 00 00 00 00-00 00 00 00 00 00 00 00
00:00:11.45 inputcontext: A350: 00 00 00 00 00 00 00 00-00 00 00 00 00 00 00 00
00:00:11.46 inputcontext: A360: 00 00 00 00 00 00 00 00-00 00 00 00 00 00 00 00
00:00:11.47 inputcontext: A370: 00 00 00 00 00 00 00 00-00 00 00 00 00 00 00 00
00:00:11.47 inputcontext: A380: 00 00 00 00 00 00 00 00-00 00 00 00 00 00 00 00
00:00:11.48 inputcontext: A390: 00 00 00 00 00 00 00 00-00 00 00 00 00 00 00 00
00:00:11.49 inputcontext: A3A0: 00 00 00 00 00 00 00 00-00 00 00 00 00 00 00 00
00:00:11.49 inputcontext: A3B0: 00 00 00 00 00 00 00 00-00 00 00 00 00 00 00 00
00:00:11.50 inputcontext: A3C0: 00 00 00 00 00 00 00 00-00 00 00 00 00 00 00 00
00:00:11.51 inputcontext: A3D0: 00 00 00 00 00 00 00 00-00 00 00 00 00 00 00 00
00:00:11.52 inputcontext: A3E0: 00 00 00 00 00 00 00 00-00 00 00 00 00 00 00 00
00:00:11.52 inputcontext: A3F0: 00 00 00 00 00 00 00 00-00 00 00 00 00 00 00 00
00:00:11.53 inputcontext: A400: 00 00 00 00 00 00 00 00-00 00 00 00 00 00 00 00
00:00:11.54 inputcontext: A410: 00 00 00 00 00 00 00 00-00 00 00 00 00 00 00 00
00:00:11.54 xhcicmd: Execute command 11 (control 0x2002C00)
00:00:11.55 xhcicommand: Dumping 0x10 bytes starting at 0x602150
00:00:11.55 xhcicommand: 2150: 00 A0 DE 00 04 00 00 00-00 00 00 00 01 2C 00 02
00:00:11.56 xhcimmiospace: write32 [100] = 0
00:00:11.57 xhci: IRQ
00:00:11.57 xhcimmiospace: read32 [24] = 8
00:00:11.57 xhcimmiospace: write32 [24] = 8
00:00:11.57 xhcimmiospace: read32 [220] = 3
00:00:11.57 xhcimmiospace: write32 [220] = 3
00:00:11.57 xhcicmd: Command 11 completed with 1 (slot 2)
00:00:11.57 xhcimmiospace: write32 [238] = 600a08
00:00:11.57 xhcimmiospace: write32 [23c] = 4
00:00:11.88 xhcimmiospace: write32 [108] = 1
00:00:11.89 xhci: IRQ
00:00:11.89 xhcimmiospace: read32 [24] = 8
00:00:11.89 xhcimmiospace: write32 [24] = 8
00:00:11.89 xhcimmiospace: read32 [220] = 3
00:00:11.89 xhcimmiospace: write32 [220] = 3
00:00:11.89 xhciep: Transfer event on endpoint 1 (completion 1, length 0)
00:00:11.89 xhcimmiospace: write32 [238] = 600a18
00:00:11.89 xhcimmiospace: write32 [23c] = 4
00:00:12.22 xhcimmiospace: write32 [108] = 1
00:00:12.23 xhci: IRQ
00:00:12.23 xhcimmiospace: read32 [24] = 8
00:00:12.23 xhcimmiospace: write32 [24] = 8
00:00:12.23 xhcimmiospace: read32 [220] = 3
00:00:12.23 xhcimmiospace: write32 [220] = 3
00:00:12.23 xhciep: Transfer event on endpoint 1 (completion 1, length 0)
00:00:12.23 xhcimmiospace: write32 [238] = 600a28
00:00:12.23 xhcimmiospace: write32 [23c] = 4
00:00:12.52 xhcimmiospace: write32 [108] = 1
00:00:12.53 xhci: IRQ
00:00:12.53 xhcimmiospace: read32 [24] = 8
00:00:12.53 xhcimmiospace: write32 [24] = 8
00:00:12.53 xhcimmiospace: read32 [220] = 3
00:00:12.53 xhcimmiospace: write32 [220] = 3
00:00:12.53 xhciep: Transfer event on endpoint 1 (completion 1, length 0)
00:00:12.53 xhcimmiospace: write32 [238] = 600a38
00:00:12.53 xhcimmiospace: write32 [23c] = 4
00:00:12.81 xhcimmiospace: write32 [108] = 1
00:00:12.82 xhci: IRQ
00:00:12.82 xhcimmiospace: read32 [24] = 8
00:00:12.82 xhcimmiospace: write32 [24] = 8
00:00:12.82 xhcimmiospace: read32 [220] = 3
00:00:12.82 xhcimmiospace: write32 [220] = 3
00:00:12.82 xhciep: Transfer event on endpoint 1 (completion 1, length 0)
00:00:12.82 xhcimmiospace: write32 [238] = 600a48
00:00:12.82 xhcimmiospace: write32 [23c] = 4
00:00:13.11 usbdev1-1: Device ven93a-2510 found (LS)
00:00:13.12 xhcimmiospace: write32 [108] = 1
00:00:13.12 xhci: IRQ
00:00:13.12 xhcimmiospace: read32 [24] = 8
00:00:13.12 xhcimmiospace: write32 [24] = 8
00:00:13.12 xhcimmiospace: read32 [220] = 3
00:00:13.12 xhcimmiospace: write32 [220] = 3
00:00:13.12 xhciep: Transfer event on endpoint 1 (completion 1, length 0)
00:00:13.12 xhcimmiospace: write32 [238] = 600a58
00:00:13.12 xhcimmiospace: write32 [23c] = 4
00:00:13.45 xhcimmiospace: write32 [108] = 1
00:00:13.46 xhci: IRQ
00:00:13.46 xhcimmiospace: read32 [24] = 8
00:00:13.46 xhcimmiospace: write32 [24] = 8
00:00:13.46 xhcimmiospace: read32 [220] = 3
00:00:13.46 xhcimmiospace: write32 [220] = 3
00:00:13.46 xhciep: Transfer event on endpoint 1 (completion 1, length 0)
00:00:13.46 xhcimmiospace: write32 [238] = 600a68
00:00:13.46 xhcimmiospace: write32 [23c] = 4
00:00:13.74 xhcimmiospace: write32 [108] = 1
00:00:13.75 xhci: IRQ
00:00:13.75 xhcimmiospace: read32 [24] = 8
00:00:13.75 xhcimmiospace: write32 [24] = 8
00:00:13.75 xhcimmiospace: read32 [220] = 3
00:00:13.75 xhcimmiospace: write32 [220] = 3
00:00:13.75 xhciep: Transfer event on endpoint 1 (completion 1, length 0)
00:00:13.75 xhcimmiospace: write32 [238] = 600a78
00:00:13.75 xhcimmiospace: write32 [23c] = 4
00:00:14.04 xhcimmiospace: write32 [108] = 1
00:00:14.05 xhci: IRQ
00:00:14.05 xhcimmiospace: read32 [24] = 8
00:00:14.05 xhcimmiospace: write32 [24] = 8
00:00:14.05 xhcimmiospace: read32 [220] = 3
00:00:14.05 xhcimmiospace: write32 [220] = 3
00:00:14.05 xhciep: Transfer event on endpoint 1 (completion 1, length 0)
00:00:14.05 xhcimmiospace: write32 [238] = 600a88
00:00:14.05 xhcimmiospace: write32 [23c] = 4
00:00:14.34 xhcimmiospace: write32 [108] = 1
00:00:14.35 xhci: IRQ
00:00:14.35 xhcimmiospace: read32 [24] = 8
00:00:14.35 xhcimmiospace: write32 [24] = 8
00:00:14.35 xhcimmiospace: read32 [220] = 3
00:00:14.35 xhcimmiospace: write32 [220] = 3
00:00:14.35 xhciep: Transfer event on endpoint 1 (completion 1, length 0)
00:00:14.35 xhcimmiospace: write32 [238] = 600a98
00:00:14.35 xhcimmiospace: write32 [23c] = 4
00:00:14.64 xhcimmiospace: write32 [108] = 1
00:00:14.65 xhci: IRQ
00:00:14.65 xhcimmiospace: read32 [24] = 8
00:00:14.65 xhcimmiospace: write32 [24] = 8
00:00:14.65 xhcimmiospace: read32 [220] = 3
00:00:14.65 xhcimmiospace: write32 [220] = 3
00:00:14.65 xhciep: Transfer event on endpoint 1 (completion 1, length 0)
00:00:14.65 xhcimmiospace: write32 [238] = 600aa8
00:00:14.65 xhcimmiospace: write32 [23c] = 4
00:00:14.93 usbdev1-1: Product: PixArt USB Optical Mouse
00:00:14.94 xhcimmiospace: write32 [108] = 1
00:00:14.94 xhci: IRQ
00:00:14.94 xhcimmiospace: read32 [24] = 8
00:00:14.94 xhcimmiospace: write32 [24] = 8
00:00:14.94 xhcimmiospace: read32 [220] = 3
00:00:14.94 xhcimmiospace: write32 [220] = 3
00:00:14.94 xhciep: Transfer event on endpoint 1 (completion 1, length 0)
00:00:14.94 xhcimmiospace: write32 [238] = 600ab8
00:00:14.94 xhcimmiospace: write32 [23c] = 4
00:00:15.32 usbdev1-1: Interface int3-1-2 found
00:00:15.33 usbdev1-1: Using device/interface int3-1-2
00:00:15.33 xhcimmiospace: write32 [104] = 1
00:00:15.33 xhci: IRQ
00:00:15.33 xhcimmiospace: read32 [24] = 8
00:00:15.33 xhcimmiospace: write32 [24] = 8
00:00:15.33 xhcimmiospace: read32 [220] = 3
00:00:15.33 xhcimmiospace: write32 [220] = 3
00:00:15.33 xhciep: Transfer event on endpoint 1 (completion 1, length 0)
00:00:15.33 xhcimmiospace: write32 [238] = 600ac8
00:00:15.33 xhcimmiospace: write32 [23c] = 4
00:00:15.67 xhcimmiospace: write32 [104] = 1
00:00:15.68 xhci: IRQ
00:00:15.68 xhcimmiospace: read32 [24] = 8
00:00:15.68 xhcimmiospace: write32 [24] = 8
00:00:15.68 xhcimmiospace: read32 [220] = 3
00:00:15.68 xhcimmiospace: write32 [220] = 3
00:00:15.68 xhciep: Transfer event on endpoint 1 (completion 1, length 0)
00:00:15.68 xhcimmiospace: write32 [238] = 600ad8
00:00:15.68 xhcimmiospace: write32 [23c] = 4
00:00:15.97 xhcimmiospace: write32 [104] = 1
00:00:15.98 xhci: IRQ
00:00:15.98 xhcimmiospace: read32 [24] = 8
00:00:15.98 xhcimmiospace: write32 [24] = 8
00:00:15.98 xhcimmiospace: read32 [220] = 3
00:00:15.98 xhcimmiospace: write32 [220] = 3
00:00:15.98 xhciep: Transfer event on endpoint 1 (completion 1, length 0)
00:00:15.98 xhcimmiospace: write32 [238] = 600ae8
00:00:15.98 xhcimmiospace: write32 [23c] = 4
00:00:16.26 xhcimmiospace: write32 [104] = 1
00:00:16.27 xhci: IRQ
00:00:16.27 xhcimmiospace: read32 [24] = 8
00:00:16.27 xhcimmiospace: write32 [24] = 8
00:00:16.27 xhcimmiospace: read32 [220] = 3
00:00:16.27 xhcimmiospace: write32 [220] = 3
00:00:16.27 xhciep: Transfer event on endpoint 1 (completion 1, length 0)
00:00:16.27 xhcimmiospace: write32 [238] = 600af8
00:00:16.27 xhcimmiospace: write32 [23c] = 4
00:00:16.66 xhcimmiospace: write32 [104] = 1
00:00:16.67 xhci: IRQ
00:00:16.67 xhcimmiospace: read32 [24] = 8
00:00:16.67 xhcimmiospace: write32 [24] = 8
00:00:16.67 xhcimmiospace: read32 [220] = 3
00:00:16.67 xhcimmiospace: write32 [220] = 3
00:00:16.67 xhciep: Transfer event on endpoint 1 (completion 1, length 0)
00:00:16.67 xhcimmiospace: write32 [238] = 600b08
00:00:16.67 xhcimmiospace: write32 [23c] = 4
00:00:16.93 xhcicmd: Execute command 9 (control 0x2400)
00:00:16.94 xhcicommand: Dumping 0x10 bytes starting at 0x602160
00:00:16.95 xhcicommand: 2160: 00 00 00 00 00 00 00 00-00 00 00 00 01 24 00 00
00:00:16.95 xhcimmiospace: write32 [100] = 0
00:00:16.96 xhci: IRQ
00:00:16.96 xhcimmiospace: read32 [24] = 8
00:00:16.96 xhcimmiospace: write32 [24] = 8
00:00:16.96 xhcimmiospace: read32 [220] = 3
00:00:16.96 xhcimmiospace: write32 [220] = 3
00:00:16.96 xhcicmd: Command 9 completed with 1 (slot 3)
00:00:16.96 xhcimmiospace: write32 [238] = 600b18
00:00:16.96 xhcimmiospace: write32 [23c] = 4
00:00:17.22 inputcontext: Dumping 0x420 bytes starting at 0xDEA000
00:00:17.23 inputcontext: A000: 00 00 00 00 03 00 00 00-00 00 00 00 00 00 00 00
00:00:17.24 inputcontext: A010: 00 00 00 00 00 00 00 00-00 00 00 00 00 00 00 00
00:00:17.24 inputcontext: A020: 04 00 20 08 00 00 01 00-01 04 00 00 00 00 00 00
00:00:17.25 inputcontext: A030: 00 00 00 00 00 00 00 00-00 00 00 00 00 00 00 00
00:00:17.26 inputcontext: A040: 00 00 00 00 26 00 08 00-C1 51 62 00 04 00 00 00
00:00:17.27 inputcontext: A050: 08 00 00 00 00 00 00 00-00 00 00 00 00 00 00 00
00:00:17.27 inputcontext: A060: 00 00 00 00 00 00 00 00-00 00 00 00 00 00 00 00
00:00:17.28 inputcontext: A070: 00 00 00 00 00 00 00 00-00 00 00 00 00 00 00 00
00:00:17.29 inputcontext: A080: 00 00 00 00 00 00 00 00-00 00 00 00 00 00 00 00
00:00:17.29 inputcontext: A090: 00 00 00 00 00 00 00 00-00 00 00 00 00 00 00 00
00:00:17.30 inputcontext: A0A0: 00 00 00 00 00 00 00 00-00 00 00 00 00 00 00 00
00:00:17.31 inputcontext: A0B0: 00 00 00 00 00 00 00 00-00 00 00 00 00 00 00 00
00:00:17.31 inputcontext: A0C0: 00 00 00 00 00 00 00 00-00 00 00 00 00 00 00 00
00:00:17.32 inputcontext: A0D0: 00 00 00 00 00 00 00 00-00 00 00 00 00 00 00 00
00:00:17.33 inputcontext: A0E0: 00 00 00 00 00 00 00 00-00 00 00 00 00 00 00 00
00:00:17.34 inputcontext: A0F0: 00 00 00 00 00 00 00 00-00 00 00 00 00 00 00 00
00:00:17.34 inputcontext: A100: 00 00 00 00 00 00 00 00-00 00 00 00 00 00 00 00
00:00:17.35 inputcontext: A110: 00 00 00 00 00 00 00 00-00 00 00 00 00 00 00 00
00:00:17.36 inputcontext: A120: 00 00 00 00 00 00 00 00-00 00 00 00 00 00 00 00
00:00:17.36 inputcontext: A130: 00 00 00 00 00 00 00 00-00 00 00 00 00 00 00 00
00:00:17.37 inputcontext: A140: 00 00 00 00 00 00 00 00-00 00 00 00 00 00 00 00
00:00:17.38 inputcontext: A150: 00 00 00 00 00 00 00 00-00 00 00 00 00 00 00 00
00:00:17.38 inputcontext: A160: 00 00 00 00 00 00 00 00-00 00 00 00 00 00 00 00
00:00:17.39 inputcontext: A170: 00 00 00 00 00 00 00 00-00 00 00 00 00 00 00 00
00:00:17.40 inputcontext: A180: 00 00 00 00 00 00 00 00-00 00 00 00 00 00 00 00
00:00:17.41 inputcontext: A190: 00 00 00 00 00 00 00 00-00 00 00 00 00 00 00 00
00:00:17.41 inputcontext: A1A0: 00 00 00 00 00 00 00 00-00 00 00 00 00 00 00 00
00:00:17.42 inputcontext: A1B0: 00 00 00 00 00 00 00 00-00 00 00 00 00 00 00 00
00:00:17.43 inputcontext: A1C0: 00 00 00 00 00 00 00 00-00 00 00 00 00 00 00 00
00:00:17.43 inputcontext: A1D0: 00 00 00 00 00 00 00 00-00 00 00 00 00 00 00 00
00:00:17.44 inputcontext: A1E0: 00 00 00 00 00 00 00 00-00 00 00 00 00 00 00 00
00:00:17.45 inputcontext: A1F0: 00 00 00 00 00 00 00 00-00 00 00 00 00 00 00 00
00:00:17.46 inputcontext: A200: 00 00 00 00 00 00 00 00-00 00 00 00 00 00 00 00
00:00:17.46 inputcontext: A210: 00 00 00 00 00 00 00 00-00 00 00 00 00 00 00 00
00:00:17.47 inputcontext: A220: 00 00 00 00 00 00 00 00-00 00 00 00 00 00 00 00
00:00:17.48 inputcontext: A230: 00 00 00 00 00 00 00 00-00 00 00 00 00 00 00 00
00:00:17.48 inputcontext: A240: 00 00 00 00 00 00 00 00-00 00 00 00 00 00 00 00
00:00:17.49 inputcontext: A250: 00 00 00 00 00 00 00 00-00 00 00 00 00 00 00 00
00:00:17.50 inputcontext: A260: 00 00 00 00 00 00 00 00-00 00 00 00 00 00 00 00
00:00:17.50 inputcontext: A270: 00 00 00 00 00 00 00 00-00 00 00 00 00 00 00 00
00:00:17.51 inputcontext: A280: 00 00 00 00 00 00 00 00-00 00 00 00 00 00 00 00
00:00:17.52 inputcontext: A290: 00 00 00 00 00 00 00 00-00 00 00 00 00 00 00 00
00:00:17.53 inputcontext: A2A0: 00 00 00 00 00 00 00 00-00 00 00 00 00 00 00 00
00:00:17.53 inputcontext: A2B0: 00 00 00 00 00 00 00 00-00 00 00 00 00 00 00 00
00:00:17.54 inputcontext: A2C0: 00 00 00 00 00 00 00 00-00 00 00 00 00 00 00 00
00:00:17.55 inputcontext: A2D0: 00 00 00 00 00 00 00 00-00 00 00 00 00 00 00 00
00:00:17.55 inputcontext: A2E0: 00 00 00 00 00 00 00 00-00 00 00 00 00 00 00 00
00:00:17.56 inputcontext: A2F0: 00 00 00 00 00 00 00 00-00 00 00 00 00 00 00 00
00:00:17.57 inputcontext: A300: 00 00 00 00 00 00 00 00-00 00 00 00 00 00 00 00
00:00:17.57 inputcontext: A310: 00 00 00 00 00 00 00 00-00 00 00 00 00 00 00 00
00:00:17.58 inputcontext: A320: 00 00 00 00 00 00 00 00-00 00 00 00 00 00 00 00
00:00:17.59 inputcontext: A330: 00 00 00 00 00 00 00 00-00 00 00 00 00 00 00 00
00:00:17.60 inputcontext: A340: 00 00 00 00 00 00 00 00-00 00 00 00 00 00 00 00
00:00:17.60 inputcontext: A350: 00 00 00 00 00 00 00 00-00 00 00 00 00 00 00 00
00:00:17.61 inputcontext: A360: 00 00 00 00 00 00 00 00-00 00 00 00 00 00 00 00
00:00:17.62 inputcontext: A370: 00 00 00 00 00 00 00 00-00 00 00 00 00 00 00 00
00:00:17.62 inputcontext: A380: 00 00 00 00 00 00 00 00-00 00 00 00 00 00 00 00
00:00:17.63 inputcontext: A390: 00 00 00 00 00 00 00 00-00 00 00 00 00 00 00 00
00:00:17.64 inputcontext: A3A0: 00 00 00 00 00 00 00 00-00 00 00 00 00 00 00 00
00:00:17.65 inputcontext: A3B0: 00 00 00 00 00 00 00 00-00 00 00 00 00 00 00 00
00:00:17.65 inputcontext: A3C0: 00 00 00 00 00 00 00 00-00 00 00 00 00 00 00 00
00:00:17.66 inputcontext: A3D0: 00 00 00 00 00 00 00 00-00 00 00 00 00 00 00 00
00:00:17.67 inputcontext: A3E0: 00 00 00 00 00 00 00 00-00 00 00 00 00 00 00 00
00:00:17.67 inputcontext: A3F0: 00 00 00 00 00 00 00 00-00 00 00 00 00 00 00 00
00:00:17.68 inputcontext: A400: 00 00 00 00 00 00 00 00-00 00 00 00 00 00 00 00
00:00:17.69 inputcontext: A410: 00 00 00 00 00 00 00 00-00 00 00 00 00 00 00 00
00:00:17.69 xhcicmd: Execute command 11 (control 0x3002C00)
00:00:17.70 xhcicommand: Dumping 0x10 bytes starting at 0x602170
00:00:17.71 xhcicommand: 2170: 00 A0 DE 00 04 00 00 00-00 00 00 00 01 2C 00 03
00:00:17.71 xhcimmiospace: write32 [100] = 0
00:00:17.72 xhci: IRQ
00:00:17.72 xhcimmiospace: read32 [24] = 8
00:00:17.72 xhcimmiospace: write32 [24] = 8
00:00:17.72 xhcimmiospace: read32 [220] = 3
00:00:17.72 xhcimmiospace: write32 [220] = 3
00:00:17.72 xhcicmd: Command 11 completed with 1 (slot 3)
00:00:17.72 xhcimmiospace: write32 [238] = 600b28
00:00:17.72 xhcimmiospace: write32 [23c] = 4
00:00:18.03 xhcimmiospace: write32 [10c] = 1
00:00:18.04 xhci: IRQ
00:00:18.04 xhcimmiospace: read32 [24] = 8
00:00:18.04 xhcimmiospace: write32 [24] = 8
00:00:18.04 xhcimmiospace: read32 [220] = 3
00:00:18.04 xhcimmiospace: write32 [220] = 3
00:00:18.04 xhciep: Transfer event on endpoint 1 (completion 1, length 0)
00:00:18.04 xhcimmiospace: write32 [238] = 600b38
00:00:18.04 xhcimmiospace: write32 [23c] = 4
00:00:18.30 xhcimmiospace: write32 [10c] = 1
00:00:18.32 xhci: IRQ
00:00:18.32 xhcimmiospace: read32 [24] = 8
00:00:18.32 xhcimmiospace: write32 [24] = 8
00:00:18.32 xhcimmiospace: read32 [220] = 3
00:00:18.32 xhcimmiospace: write32 [220] = 3
00:00:18.32 xhciep: Transfer event on endpoint 1 (completion 1, length 0)
00:00:18.32 xhcimmiospace: write32 [238] = 600b48
00:00:18.32 xhcimmiospace: write32 [23c] = 4
00:00:18.63 xhcimmiospace: write32 [10c] = 1
00:00:18.64 xhci: IRQ
00:00:18.64 xhcimmiospace: read32 [24] = 8
00:00:18.64 xhcimmiospace: write32 [24] = 8
00:00:18.64 xhcimmiospace: read32 [220] = 3
00:00:18.64 xhcimmiospace: write32 [220] = 3
00:00:18.64 xhciep: Transfer event on endpoint 1 (completion 1, length 0)
00:00:18.64 xhcimmiospace: write32 [238] = 600b58
00:00:18.64 xhcimmiospace: write32 [23c] = 4
00:00:18.94 xhcimmiospace: write32 [10c] = 1
00:00:18.97 xhci: IRQ
00:00:18.97 xhcimmiospace: read32 [24] = 8
00:00:18.97 xhcimmiospace: write32 [24] = 8
00:00:18.97 xhcimmiospace: read32 [220] = 3
00:00:18.97 xhcimmiospace: write32 [220] = 3
00:00:18.97 xhciep: Transfer event on endpoint 1 (completion 1, length 0)
00:00:18.97 xhcimmiospace: write32 [238] = 600b68
00:00:18.97 xhcimmiospace: write32 [23c] = 4
00:00:19.28 usbdev1-4: Device ven4d9-7 found (LS)
00:00:19.29 xhcimmiospace: write32 [10c] = 1
00:00:19.30 xhci: IRQ
00:00:19.30 xhcimmiospace: read32 [24] = 8
00:00:19.30 xhcimmiospace: write32 [24] = 8
00:00:19.30 xhcimmiospace: read32 [220] = 3
00:00:19.30 xhcimmiospace: write32 [220] = 3
00:00:19.30 xhciep: Transfer event on endpoint 1 (completion 1, length 0)
00:00:19.30 xhcimmiospace: write32 [238] = 600b78
00:00:19.30 xhcimmiospace: write32 [23c] = 4
00:00:19.61 xhcimmiospace: write32 [10c] = 1
00:00:19.62 xhci: IRQ
00:00:19.62 xhcimmiospace: read32 [24] = 8
00:00:19.62 xhcimmiospace: write32 [24] = 8
00:00:19.62 xhcimmiospace: read32 [220] = 3
00:00:19.62 xhcimmiospace: write32 [220] = 3
00:00:19.62 xhciep: Transfer event on endpoint 1 (completion 1, length 0)
00:00:19.62 xhcimmiospace: write32 [238] = 600b88
00:00:19.62 xhcimmiospace: write32 [23c] = 4
00:00:19.92 xhcimmiospace: write32 [10c] = 1
00:00:19.93 xhci: IRQ
00:00:19.93 xhcimmiospace: read32 [24] = 8
00:00:19.93 xhcimmiospace: write32 [24] = 8
00:00:19.93 xhcimmiospace: read32 [220] = 3
00:00:19.93 xhcimmiospace: write32 [220] = 3
00:00:19.93 xhciep: Transfer event on endpoint 1 (completion 1, length 0)
00:00:19.93 xhcimmiospace: write32 [238] = 600b98
00:00:19.93 xhcimmiospace: write32 [23c] = 4
00:00:20.22 xhcimmiospace: write32 [10c] = 1
00:00:20.23 xhci: IRQ
00:00:20.23 xhcimmiospace: read32 [24] = 8
00:00:20.23 xhcimmiospace: write32 [24] = 8
00:00:20.23 xhcimmiospace: read32 [220] = 3
00:00:20.23 xhcimmiospace: write32 [220] = 3
00:00:20.23 xhciep: Transfer event on endpoint 1 (completion 1, length 0)
00:00:20.23 xhcimmiospace: write32 [238] = 600ba8
00:00:20.23 xhcimmiospace: write32 [23c] = 4
00:00:20.52 xhcimmiospace: write32 [10c] = 1
00:00:20.55 xhci: IRQ
00:00:20.55 xhcimmiospace: read32 [24] = 8
00:00:20.55 xhcimmiospace: write32 [24] = 8
00:00:20.55 xhcimmiospace: read32 [220] = 3
00:00:20.55 xhcimmiospace: write32 [220] = 3
00:00:20.55 xhciep: Transfer event on endpoint 1 (completion 1, length 0)
00:00:20.55 xhcimmiospace: write32 [238] = 600bb8
00:00:20.55 xhcimmiospace: write32 [23c] = 4
00:00:20.86 usbdev1-4: Product:   Raspberry Pi Internal Keyboard
00:00:20.87 xhcimmiospace: write32 [10c] = 1
00:00:20.88 xhci: IRQ
00:00:20.88 xhcimmiospace: read32 [24] = 8
00:00:20.88 xhcimmiospace: write32 [24] = 8
00:00:20.88 xhcimmiospace: read32 [220] = 3
00:00:20.88 xhcimmiospace: write32 [220] = 3
00:00:20.88 xhciep: Transfer event on endpoint 1 (
