read [0x600000002]=0x0100 XHCI_REG_CAP_HCIVERSION
read [0x600000000]=0x20
read [0x600000014]=0x00000100
read [0x600000018]=0x00000200
read [0x600000004]=0x05000420
read [0x600000008]=0xfc000031
read [0x60000000c]=0x00e70004
read [0x600000010]=0x002841eb
read [0x600000024]=0x00000001 USBSTS
read [0x600000020]=0x00000000 USBCMD
write [0x600000020]=0x00000002 USBCMD
read [0x600000020]=0x00000002 USBCMD
read [0x600000020]=0x00000000 USBCMD
read [0x600000024]=0x00000011 USBSTS
read [0x600000028]=0x00000001
read [0x600000058]=0x00000000 XHCI_REG_OP_CONFIG
write [0x600000058]=0x00000020 XHCI_REG_OP_CONFIG
write [0x600000050]=0x00600040 XHCI_REG_OP_DCBAAP_LO
write [0x600000054]=0x00000004 XHCI_REG_OP_DCBAAP_HI
write [0x600000228]=0x00000001 ERSTSZ
write [0x600000230]=0x006018c0 ERSTBA (lo)
write [0x600000234]=0x00000004 ERSTBA (hi)
write [0x600000238]=0x00600880 ERDP (lo)
write [0x60000023c]=0x00000004 ERDP (hi)
write [0x600000224]=0x000001f4 IMOD
read [0x600000220]=0x00000000 IMAN
write [0x600000220]=0x00000002 IMAN
write [0x600000038]=0x00602101 CRCR (lo)
write [0x60000003c]=0x00000004 CRCR (hi)
read [0x600000020]=0x00000000 USBCMD
write [0x600000020]=0x00000004 USBCMD
read [0x600000020]=0x00000004 USBCMD
write [0x600000020]=0x00000005 USBCMD
read [0x600000024]=0x00000018 USBSTS
write [0x600000024]=0x00000018 USBSTS
read [0x600000220]=0x00000003 IMAN
write [0x600000220]=0x00000003 IMAN
read [0x600000420]=0x400202e1 PORTSC (port 1)
write [0x600000420]=0x400202e1 PORTSC (port 1)
write [0x600000238]=0x00600898 ERDP (lo)
write [0x60000023c]=0x00000004 ERDP (hi)
read [0x600000420]=0x400002e1 PORTSC (port 1)
read [0x600000420]=0x400002e1 PORTSC (port 1)
write [0x600000420]=0x400002f1 PORTSC (port 1)
read [0x600000024]=0x00000018 USBSTS
write [0x600000024]=0x00000018 USBSTS
read [0x600000220]=0x00000003 IMAN
write [0x600000220]=0x00000003 IMAN
read [0x600000420]=0x40200e03 PORTSC (port 1)
write [0x600000420]=0x40200e01 PORTSC (port 1)
write [0x600000238]=0x006008a8 ERDP (lo)
write [0x60000023c]=0x00000004 ERDP (hi)
read [0x600000420]=0x40000e03 PORTSC (port 1)
read [0x600000420]=0x40000e03 PORTSC (port 1)
write [0x600000100]=0x00000000 host controller doorbell
read [0x600000024]=0x00000008 USBSTS
write [0x600000024]=0x00000008 USBSTS
read [0x600000220]=0x00000003 IMAN
write [0x600000220]=0x00000003 IMAN
write [0x600000238]=0x006008b8 ERDP (lo)
write [0x60000023c]=0x00000004 ERDP (hi)
write [0x600000100]=0x00000000 host controller doorbell
read [0x600000024]=0x00000008 USBSTS
write [0x600000024]=0x00000008 USBSTS
read [0x600000220]=0x00000003 IMAN
write [0x600000220]=0x00000003 IMAN
write [0x600000238]=0x006008c8 ERDP (lo)
write [0x60000023c]=0x00000004 ERDP (hi)
write [0x600000104]=0x00000001
read [0x600000024]=0x00000008 USBSTS
write [0x600000024]=0x00000008 USBSTS
read [0x600000220]=0x00000003 IMAN
write [0x600000220]=0x00000003 IMAN
write [0x600000238]=0x006008d8 ERDP (lo)
write [0x60000023c]=0x00000004 ERDP (hi)
write [0x600000104]=0x00000001
read [0x600000024]=0x00000008 USBSTS
write [0x600000024]=0x00000008 USBSTS
read [0x600000220]=0x00000003 IMAN
write [0x600000220]=0x00000003 IMAN
write [0x600000238]=0x006008e8 ERDP (lo)
write [0x60000023c]=0x00000004 ERDP (hi)
write [0x600000104]=0x00000001
read [0x600000024]=0x00000008 USBSTS
write [0x600000024]=0x00000008 USBSTS
read [0x600000220]=0x00000003 IMAN
write [0x600000220]=0x00000003 IMAN
write [0x600000238]=0x006008f8 ERDP (lo)
write [0x60000023c]=0x00000004 ERDP (hi)
write [0x600000104]=0x00000001
read [0x600000024]=0x00000008 USBSTS
write [0x600000024]=0x00000008 USBSTS
read [0x600000220]=0x00000003 IMAN
write [0x600000220]=0x00000003 IMAN
write [0x600000238]=0x00600908 ERDP (lo)
write [0x60000023c]=0x00000004 ERDP (hi)
write [0x600000104]=0x00000001
read [0x600000024]=0x00000008 USBSTS
write [0x600000024]=0x00000008 USBSTS
read [0x600000220]=0x00000003 IMAN
write [0x600000220]=0x00000003 IMAN
write [0x600000238]=0x00600918 ERDP (lo)
write [0x60000023c]=0x00000004 ERDP (hi)
write [0x600000104]=0x00000001
read [0x600000024]=0x00000008 USBSTS
write [0x600000024]=0x00000008 USBSTS
read [0x600000220]=0x00000003 IMAN
write [0x600000220]=0x00000003 IMAN
write [0x600000238]=0x00600928 ERDP (lo)
write [0x60000023c]=0x00000004 ERDP (hi)
write [0x600000104]=0x00000001
read [0x600000024]=0x00000008 USBSTS
write [0x600000024]=0x00000008 USBSTS
read [0x600000220]=0x00000003 IMAN
write [0x600000220]=0x00000003 IMAN
write [0x600000238]=0x00600938 ERDP (lo)
write [0x60000023c]=0x00000004 ERDP (hi)
write [0x600000104]=0x00000001
read [0x600000024]=0x00000008 USBSTS
write [0x600000024]=0x00000008 USBSTS
read [0x600000220]=0x00000003 IMAN
write [0x600000220]=0x00000003 IMAN
write [0x600000238]=0x00600948 ERDP (lo)
write [0x60000023c]=0x00000004 ERDP (hi)
write [0x600000104]=0x00000001
read [0x600000024]=0x00000008 USBSTS
write [0x600000024]=0x00000008 USBSTS
read [0x600000220]=0x00000003 IMAN
write [0x600000220]=0x00000003 IMAN
write [0x600000238]=0x00600958 ERDP (lo)
write [0x60000023c]=0x00000004 ERDP (hi)
write [0x600000100]=0x00000000 host controller doorbell
read [0x600000024]=0x00000008 USBSTS
write [0x600000024]=0x00000008 USBSTS
read [0x600000220]=0x00000003 IMAN
write [0x600000220]=0x00000003 IMAN
write [0x600000238]=0x00600968 ERDP (lo)
write [0x60000023c]=0x00000004 ERDP (hi)
read [0x600000420]=0x40000e03 PORTSC (port 1)
read [0x600000430]=0x000002a0
read [0x600000440]=0x000002a0
read [0x600000450]=0x000002a0
read [0x600000460]=0x000002a0
write [0x600000100]=0x00000000 host controller doorbell
read [0x600000024]=0x00000008 USBSTS
write [0x600000024]=0x00000008 USBSTS
read [0x600000220]=0x00000003 IMAN
write [0x600000220]=0x00000003 IMAN
write [0x600000238]=0x00600978 ERDP (lo)
write [0x60000023c]=0x00000004 ERDP (hi)
write [0x600000104]=0x00000001
read [0x600000024]=0x00000008 USBSTS
write [0x600000024]=0x00000008 USBSTS
read [0x600000220]=0x00000003 IMAN
write [0x600000220]=0x00000003 IMAN
write [0x600000238]=0x00600988 ERDP (lo)
write [0x60000023c]=0x00000004 ERDP (hi)
write [0x600000104]=0x00000001
read [0x600000024]=0x00000008 USBSTS
write [0x600000024]=0x00000008 USBSTS
read [0x600000220]=0x00000003 IMAN
write [0x600000220]=0x00000003 IMAN
write [0x600000238]=0x00600998 ERDP (lo)
write [0x60000023c]=0x00000004 ERDP (hi)
write [0x600000104]=0x00000001
read [0x600000024]=0x00000008 USBSTS
write [0x600000024]=0x00000008 USBSTS
read [0x600000220]=0x00000003 IMAN
write [0x600000220]=0x00000003 IMAN
write [0x600000238]=0x006009a8 ERDP (lo)
write [0x60000023c]=0x00000004 ERDP (hi)
write [0x600000104]=0x00000001
read [0x600000024]=0x00000008 USBSTS
write [0x600000024]=0x00000008 USBSTS
read [0x600000220]=0x00000003 IMAN
write [0x600000220]=0x00000003 IMAN
write [0x600000238]=0x006009b8 ERDP (lo)
write [0x60000023c]=0x00000004 ERDP (hi)
write [0x600000104]=0x00000001
read [0x600000024]=0x00000008 USBSTS
write [0x600000024]=0x00000008 USBSTS
read [0x600000220]=0x00000003 IMAN
write [0x600000220]=0x00000003 IMAN
write [0x600000238]=0x006009c8 ERDP (lo)
write [0x60000023c]=0x00000004 ERDP (hi)
write [0x600000104]=0x00000001
read [0x600000024]=0x00000008 USBSTS
write [0x600000024]=0x00000008 USBSTS
read [0x600000220]=0x00000003 IMAN
write [0x600000220]=0x00000003 IMAN
write [0x600000238]=0x006009d8 ERDP (lo)
write [0x60000023c]=0x00000004 ERDP (hi)
write [0x600000104]=0x00000001
read [0x600000024]=0x00000008 USBSTS
write [0x600000024]=0x00000008 USBSTS
read [0x600000220]=0x00000003 IMAN
write [0x600000220]=0x00000003 IMAN
write [0x600000238]=0x006009e8 ERDP (lo)
write [0x60000023c]=0x00000004 ERDP (hi)
write [0x600000100]=0x00000000 host controller doorbell
read [0x600000024]=0x00000008 USBSTS
write [0x600000024]=0x00000008 USBSTS
read [0x600000220]=0x00000003 IMAN
write [0x600000220]=0x00000003 IMAN
write [0x600000238]=0x006009f8 ERDP (lo)
write [0x60000023c]=0x00000004 ERDP (hi)
write [0x600000100]=0x00000000 host controller doorbell
read [0x600000024]=0x00000008 USBSTS
write [0x600000024]=0x00000008 USBSTS
read [0x600000220]=0x00000003 IMAN
write [0x600000220]=0x00000003 IMAN
write [0x600000238]=0x00600a08 ERDP (lo)
write [0x60000023c]=0x00000004 ERDP (hi)
write [0x600000108]=0x00000001
read [0x600000024]=0x00000008 USBSTS
write [0x600000024]=0x00000008 USBSTS
read [0x600000220]=0x00000003 IMAN
write [0x600000220]=0x00000003 IMAN
write [0x600000238]=0x00600a18 ERDP (lo)
write [0x60000023c]=0x00000004 ERDP (hi)
write [0x600000108]=0x00000001
read [0x600000024]=0x00000008 USBSTS
write [0x600000024]=0x00000008 USBSTS
read [0x600000220]=0x00000003 IMAN
write [0x600000220]=0x00000003 IMAN
write [0x600000238]=0x00600a28 ERDP (lo)
write [0x60000023c]=0x00000004 ERDP (hi)
write [0x600000108]=0x00000001
read [0x600000024]=0x00000008 USBSTS
write [0x600000024]=0x00000008 USBSTS
read [0x600000220]=0x00000003 IMAN
write [0x600000220]=0x00000003 IMAN
write [0x600000238]=0x00600a38 ERDP (lo)
write [0x60000023c]=0x00000004 ERDP (hi)
write [0x600000108]=0x00000001
read [0x600000024]=0x00000008 USBSTS
write [0x600000024]=0x00000008 USBSTS
read [0x600000220]=0x00000003 IMAN
write [0x600000220]=0x00000003 IMAN
write [0x600000238]=0x00600a48 ERDP (lo)
write [0x60000023c]=0x00000004 ERDP (hi)
write [0x600000108]=0x00000001
read [0x600000024]=0x00000008 USBSTS
write [0x600000024]=0x00000008 USBSTS
read [0x600000220]=0x00000003 IMAN
write [0x600000220]=0x00000003 IMAN
write [0x600000238]=0x00600a58 ERDP (lo)
write [0x60000023c]=0x00000004 ERDP (hi)
write [0x600000108]=0x00000001
read [0x600000024]=0x00000008 USBSTS
write [0x600000024]=0x00000008 USBSTS
read [0x600000220]=0x00000003 IMAN
write [0x600000220]=0x00000003 IMAN
write [0x600000238]=0x00600a68 ERDP (lo)
write [0x60000023c]=0x00000004 ERDP (hi)
write [0x600000108]=0x00000001
read [0x600000024]=0x00000008 USBSTS
write [0x600000024]=0x00000008 USBSTS
read [0x600000220]=0x00000003 IMAN
write [0x600000220]=0x00000003 IMAN
write [0x600000238]=0x00600a78 ERDP (lo)
write [0x60000023c]=0x00000004 ERDP (hi)
write [0x600000108]=0x00000001
read [0x600000024]=0x00000008 USBSTS
write [0x600000024]=0x00000008 USBSTS
read [0x600000220]=0x00000003 IMAN
write [0x600000220]=0x00000003 IMAN
write [0x600000238]=0x00600a88 ERDP (lo)
write [0x60000023c]=0x00000004 ERDP (hi)
write [0x600000108]=0x00000001
read [0x600000024]=0x00000008 USBSTS
write [0x600000024]=0x00000008 USBSTS
read [0x600000220]=0x00000003 IMAN
write [0x600000220]=0x00000003 IMAN
write [0x600000238]=0x00600a98 ERDP (lo)
write [0x60000023c]=0x00000004 ERDP (hi)
write [0x600000108]=0x00000001
read [0x600000024]=0x00000008 USBSTS
write [0x600000024]=0x00000008 USBSTS
read [0x600000220]=0x00000003 IMAN
write [0x600000220]=0x00000003 IMAN
write [0x600000238]=0x00600aa8 ERDP (lo)
write [0x60000023c]=0x00000004 ERDP (hi)
write [0x600000108]=0x00000001
read [0x600000024]=0x00000008 USBSTS
write [0x600000024]=0x00000008 USBSTS
read [0x600000220]=0x00000003 IMAN
write [0x600000220]=0x00000003 IMAN
write [0x600000238]=0x00600ab8 ERDP (lo)
write [0x60000023c]=0x00000004 ERDP (hi)
write [0x600000104]=0x00000001
read [0x600000024]=0x00000008 USBSTS
write [0x600000024]=0x00000008 USBSTS
read [0x600000220]=0x00000003 IMAN
write [0x600000220]=0x00000003 IMAN
write [0x600000238]=0x00600ac8 ERDP (lo)
write [0x60000023c]=0x00000004 ERDP (hi)
write [0x600000104]=0x00000001
read [0x600000024]=0x00000008 USBSTS
write [0x600000024]=0x00000008 USBSTS
read [0x600000220]=0x00000003 IMAN
write [0x600000220]=0x00000003 IMAN
write [0x600000238]=0x00600ad8 ERDP (lo)
write [0x60000023c]=0x00000004 ERDP (hi)
write [0x600000104]=0x00000001
read [0x600000024]=0x00000008 USBSTS
write [0x600000024]=0x00000008 USBSTS
read [0x600000220]=0x00000003 IMAN
write [0x600000220]=0x00000003 IMAN
write [0x600000238]=0x00600ae8 ERDP (lo)
write [0x60000023c]=0x00000004 ERDP (hi)
write [0x600000104]=0x00000001
read [0x600000024]=0x00000008 USBSTS
write [0x600000024]=0x00000008 USBSTS
read [0x600000220]=0x00000003 IMAN
write [0x600000220]=0x00000003 IMAN
write [0x600000238]=0x00600af8 ERDP (lo)
write [0x60000023c]=0x00000004 ERDP (hi)
write [0x600000104]=0x00000001
read [0x600000024]=0x00000008 USBSTS
write [0x600000024]=0x00000008 USBSTS
read [0x600000220]=0x00000003 IMAN
write [0x600000220]=0x00000003 IMAN
write [0x600000238]=0x00600b08 ERDP (lo)
write [0x60000023c]=0x00000004 ERDP (hi)
write [0x600000100]=0x00000000 host controller doorbell
read [0x600000024]=0x00000008 USBSTS
write [0x600000024]=0x00000008 USBSTS
read [0x600000220]=0x00000003 IMAN
write [0x600000220]=0x00000003 IMAN
write [0x600000238]=0x00600b18 ERDP (lo)
write [0x60000023c]=0x00000004 ERDP (hi)
write [0x600000100]=0x00000000 host controller doorbell
read [0x600000024]=0x00000008 USBSTS
write [0x600000024]=0x00000008 USBSTS
read [0x600000220]=0x00000003 IMAN
write [0x600000220]=0x00000003 IMAN
write [0x600000238]=0x00600b28 ERDP (lo)
write [0x60000023c]=0x00000004 ERDP (hi)
write [0x60000010c]=0x00000001
read [0x600000024]=0x00000008 USBSTS
write [0x600000024]=0x00000008 USBSTS
read [0x600000220]=0x00000003 IMAN
write [0x600000220]=0x00000003 IMAN
write [0x600000238]=0x00600b38 ERDP (lo)
write [0x60000023c]=0x00000004 ERDP (hi)
write [0x60000010c]=0x00000001
read [0x600000024]=0x00000008 USBSTS
write [0x600000024]=0x00000008 USBSTS
read [0x600000220]=0x00000003 IMAN
write [0x600000220]=0x00000003 IMAN
write [0x600000238]=0x00600b48 ERDP (lo)
write [0x60000023c]=0x00000004 ERDP (hi)
write [0x60000010c]=0x00000001
read [0x600000024]=0x00000008 USBSTS
write [0x600000024]=0x00000008 USBSTS
read [0x600000220]=0x00000003 IMAN
write [0x600000220]=0x00000003 IMAN
write [0x600000238]=0x00600b58 ERDP (lo)
write [0x60000023c]=0x00000004 ERDP (hi)
write [0x60000010c]=0x00000001
read [0x600000024]=0x00000008 USBSTS
write [0x600000024]=0x00000008 USBSTS
read [0x600000220]=0x00000003 IMAN
write [0x600000220]=0x00000003 IMAN
write [0x600000238]=0x00600b68 ERDP (lo)
write [0x60000023c]=0x00000004 ERDP (hi)
write [0x60000010c]=0x00000001
read [0x600000024]=0x00000008 USBSTS
write [0x600000024]=0x00000008 USBSTS
read [0x600000220]=0x00000003 IMAN
write [0x600000220]=0x00000003 IMAN
write [0x600000238]=0x00600b78 ERDP (lo)
write [0x60000023c]=0x00000004 ERDP (hi)
write [0x60000010c]=0x00000001
read [0x600000024]=0x00000008 USBSTS
write [0x600000024]=0x00000008 USBSTS
read [0x600000220]=0x00000003 IMAN
write [0x600000220]=0x00000003 IMAN
write [0x600000238]=0x00600b88 ERDP (lo)
write [0x60000023c]=0x00000004 ERDP (hi)
write [0x60000010c]=0x00000001
read [0x600000024]=0x00000008 USBSTS
write [0x600000024]=0x00000008 USBSTS
read [0x600000220]=0x00000003 IMAN
write [0x600000220]=0x00000003 IMAN
write [0x600000238]=0x00600b98 ERDP (lo)
write [0x60000023c]=0x00000004 ERDP (hi)
write [0x60000010c]=0x00000001
read [0x600000024]=0x00000008 USBSTS
write [0x600000024]=0x00000008 USBSTS
read [0x600000220]=0x00000003 IMAN
write [0x600000220]=0x00000003 IMAN
write [0x600000238]=0x00600ba8 ERDP (lo)
write [0x60000023c]=0x00000004 ERDP (hi)
write [0x60000010c]=0x00000001
read [0x600000024]=0x00000008 USBSTS
write [0x600000024]=0x00000008 USBSTS
read [0x600000220]=0x00000003 IMAN
write [0x600000220]=0x00000003 IMAN
write [0x600000238]=0x00600bb8 ERDP (lo)
write [0x60000023c]=0x00000004 ERDP (hi)
write [0x60000010c]=0x00000001
read [0x600000024]=0x00000008 USBSTS
write [0x600000024]=0x00000008 USBSTS
read [0x600000220]=0x00000003 IMAN
write [0x600000220]=0x00000003 IMAN
