Initialising random number generator unit... DONE.
read [0xffff0000fd509210]=0x00000001
write [0xffff0000fd509210]=0x00000003
write [0xffff0000fd509210]=0x00000001
read [0xffff0000fd504204]=0x00200000
write [0xffff0000fd504204]=0x00200000
read [0xffff0000fd504008]=0x00000000
write [0xffff0000fd504008]=0x88003000
write [0xffff0000fd504034]=0x00000011
write [0xffff0000fd504038]=0x00000004
read [0xffff0000fd50402c]=0x00000000
write [0xffff0000fd50402c]=0x00000000
read [0xffff0000fd50403c]=0x00000000
write [0xffff0000fd50403c]=0x00000000
read [0xffff0000fd509210]=0x00000001
write [0xffff0000fd509210]=0x00000000
read [0xffff0000fd504068]=0x00000080
read [0xffff0000fd504068]=0x00000080
read [0xffff0000fd504068]=0x00000080
read [0xffff0000fd504068]=0x00000080
read [0xffff0000fd504068]=0x00000080
read [0xffff0000fd504068]=0x00000080
read [0xffff0000fd504068]=0x00000080
read [0xffff0000fd504068]=0x00000080
read [0xffff0000fd504068]=0x00000080
read [0xffff0000fd504068]=0x00000080
read [0xffff0000fd504068]=0x00000080
read [0xffff0000fd504068]=0x00000080
read [0xffff0000fd504068]=0x00000080
read [0xffff0000fd504068]=0x00000080
read [0xffff0000fd504068]=0x000000b0
write [0xffff0000fd50400c]=0xc0000000
write [0xffff0000fd504010]=0x00000000
read [0xffff0000fd504070]=0x00000010
write [0xffff0000fd504070]=0x3ff00000
read [0xffff0000fd504080]=0x00000000
write [0xffff0000fd504080]=0x00000006
read [0xffff0000fd504084]=0x00000000
write [0xffff0000fd504084]=0x00000006
read [0xffff0000fd5004dc]=0x00315e12
write [0xffff0000fd5004dc]=0x00315e12
read [0xffff0000fd50043c]=0x20060400
write [0xffff0000fd50043c]=0x20060400
write [0xffff0000fd501100]=0x0000001f
read [0xffff0000fd501100]=0x0000001f
write [0xffff0000fd501104]=0x80001100
read [0xffff0000fd501104]=0x00001100
write [0xffff0000fd501100]=0x00100002
read [0xffff0000fd501100]=0x00100002
read [0xffff0000fd501108]=0x8000803a
write [0xffff0000fd501100]=0x00000002
read [0xffff0000fd501100]=0x00000002
write [0xffff0000fd501104]=0x8000c03a
read [0xffff0000fd501104]=0x0000c03a
write [0xffff0000fd501100]=0x00100001
read [0xffff0000fd501100]=0x00100001
read [0xffff0000fd501108]=0x80001c17
write [0xffff000000084268]=0x80001c17
write [0xffff000000084250]=0x0006
read [0xffff0000fd5000be]=0x9012
write [0xffff000000084252]=0x9012
read [0xffff0000fd500188]=0x00000000
write [0xffff0000fd500188]=0x00000000
read [0xffff0000fd504204]=0x00200000
write [0xffff0000fd504204]=0x00000002
read [0xffff0000fd50406c]=0x00000304
write [0xffff000000084254]=0x00000304
read [0xffff0000fd500000]=0x271114e4
read [0xffff0000fd50000e]=0x01
write [0xffff0000fd504514]=0xffffffff
write [0xffff0000fd504508]=0xffffffff
write [0xffff0000fd504044]=0xfffffffd
write [0xffff0000fd504048]=0x00000000
write [0xffff0000fd50404c]=0xffe06540
write [0xffff0000fe00b880]=0x00100000
read [0xffff0000fd508008]=0xffffffff
read [0xffff0000fd50800e]=0xff
write [0xffff0000fd50800c]=0x10
write [0xffff0000fd508010]=0xf8000004
write [0xffff0000fd508014]=0x00000000
read [0xffff0000fd50803d]=0xff
write [0xffff0000fd50803d]=0x01
write [0xffff0000fd508004]=0x0146
x0: 0x0000000000000004
x1: 0x0000000096000005
x2: 0xffff000000002560
x3: 0x0000000000000001
x4: 0xffff0000fd504000
x5: 0xffff000000006e30
x6: 0x0000000000000006
x7: 0xffff000000084240
x8: 0x0000000000000009
x9: 0xffff0000fe00b880
x10: 0x0000000040000000
x11: 0x0000000000003048
x12: 0x0000000000003048
x13: 0xffff0000fd508000
x14: 0xffff000007ffffff
x15: 0x0000000000000000
x16: 0xffff000000005820
x17: 0x00000000f00ff81f
x18: 0xffff000008000000
x19: 0x0000000000000000
x20: 0x0000001000000000
x21: 0x1400020000000000
x22: 0x1000800020004112
x23: 0x0000000000000000
x24: 0x0800000000000000
x25: 0x2000000000010000
x26: 0x0000000000000000
x27: 0xffff000000000110
x28: 0xffff00000003f000
x29: 0x0000000000000000
x30: 0xffff000000003ed0
NZCV: 0x0000000020000000
