read [0x600000002]=0x0100 XHCI_REG_CAP_HCIVERSION
read [0x600000024]=0x00000001 USBSTS
read [0x600000020]=0x00000000 USBCMD
write [0x600000020]=0x00000002 USBCMD
read [0x600000020]=0x00000000 USBCMD
read [0x600000024]=0x00000011 USBSTS
write [0x600000058]=0x00000020 XHCI_REG_OP_CONFIG
write [0x600000050]=0x0021f000 XHCI_REG_OP_DCBAAP_LO
write [0x600000054]=0x00000004 XHCI_REG_OP_DCBAAP_HI
write [0x600000228]=0x00000001 ERSTSZ
write [0x600000230]=0x00222fc0 ERSTBA (lo)
write [0x600000234]=0x00000004 ERSTBA (hi)
write [0x600000238]=0x00222000 ERDP (lo)
write [0x60000023c]=0x00000004 ERDP (hi)
write [0x600000224]=0x000000a0 IMOD
read [0x600000220]=0x00000000 IMAN
write [0x600000220]=0x00000002 IMAN
write [0x600000038]=0x00220001 CRCR (lo)
write [0x60000003c]=0x00000004 CRCR (hi)
read [0x600000020]=0x00000000 USBCMD
write [0x600000020]=0x00000004 USBCMD
read [0x600000020]=0x00000005 USBCMD
read [0x600000024]=0x00000018 USBSTS
write [0x600000024]=0x00000018 USBSTS
read [0x600000420]=0x400202e1 PORTSC (port 1)
write [0x600000420]=0x400202f1 PORTSC (port 1)
write [0x600000238]=0x00222018 ERDP (lo)
write [0x60000023c]=0x00000004 ERDP (hi)
read [0x600000020]=0x00000005 USBCMD
read [0x600000024]=0x00000018 USBSTS
write [0x600000024]=0x00000018 USBSTS
read [0x600000420]=0x40200e03 PORTSC (port 1)
write [0x600000420]=0x40200e01 PORTSC (port 1)
write [0x600000100]=0x00000000 host controller doorbell
write [0x600000100]=0x00000000 host controller doorbell
write [0x600000238]=0x00222048 ERDP (lo)
write [0x60000023c]=0x00000004 ERDP (hi)
write [0x600000020]=0x00000005 USBCMD
read [0x600000024]=0x00000000 USBSTS
read [0x600000020]=0x00000005 USBCMD
read [0x600000024]=0x00000000 USBSTS
read [0x600000028]=0x00000001
read [0x600000034]=0x00000000
read [0x600000038]=0x00000008 CRCR (lo)
read [0x60000003c]=0x00000000 CRCR (hi)
read [0x600000050]=0x0021f000 XHCI_REG_OP_DCBAAP_LO
read [0x600000054]=0x00000004 XHCI_REG_OP_DCBAAP_HI
read [0x600000058]=0x00000020 XHCI_REG_OP_CONFIG
read [0x600000220]=0x00000002 IMAN
read [0x600000224]=0x000000a0 IMOD
read [0x600000228]=0x00000001 ERSTSZ
read [0x60000022c]=0x00000000
read [0x600000230]=0x00222fc0 ERSTBA (lo)
read [0x600000234]=0x00000004 ERSTBA (hi)
read [0x600000238]=0x00222040 ERDP (lo)
read [0x60000023c]=0x00000004 ERDP (hi)
