read [0xfd509210]=0x00000003
write [0xfd509210]=0x00000003
write [0xfd509210]=0x00000001
read [0xfd504204]=0x00200000
write [0xfd504204]=0x00200000
read [0xfd504008]=0x00000000
write [0xfd504008]=0x88003000
write [0xfd504034]=0x00000011
write [0xfd504038]=0x00000004
read [0xfd50402c]=0x00000000
write [0xfd50402c]=0x00000000
read [0xfd50403c]=0x00000000
write [0xfd50403c]=0x00000000
read [0xfd509210]=0x00000001
write [0xfd509210]=0x00000000
read [0xfd504068]=0x00000080
read [0xfd504068]=0x00000080
read [0xfd504068]=0x00000080
read [0xfd504068]=0x00000080
read [0xfd504068]=0x00000080
read [0xfd504068]=0x00000080
read [0xfd504068]=0x00000080
read [0xfd504068]=0x00000080
read [0xfd504068]=0x00000080
read [0xfd504068]=0x00000080
read [0xfd504068]=0x00000080
read [0xfd504068]=0x00000080
read [0xfd504068]=0x00000080
read [0xfd504068]=0x00000080
read [0xfd504068]=0x000000b0
write [0xfd50400c]=0xc0000000
write [0xfd504010]=0x00000000
read [0xfd504070]=0x00000010
write [0xfd504070]=0x3ff00000
read [0xfd504080]=0x00000000
write [0xfd504080]=0x00000006
read [0xfd504084]=0x00000000
write [0xfd504084]=0x00000006
read [0xfd5004dc]=0x00315e12
write [0xfd5004dc]=0x00315e12
read [0xfd50043c]=0x20060400
write [0xfd50043c]=0x20060400
write [0xfd501100]=0x0000001f
read [0xfd501100]=0x0000001f
write [0xfd501104]=0x80001100
read [0xfd501104]=0x00001100
write [0xfd501100]=0x00100002
read [0xfd501100]=0x00100002
read [0xfd501108]=0x8000803a
write [0xfd501100]=0x00000002
read [0xfd501100]=0x00000002
write [0xfd501104]=0x8000c03a
read [0xfd501104]=0x0000c03a
write [0xfd501100]=0x00100001
read [0xfd501100]=0x00100001
read [0xfd501108]=0x80001c17
write [0x00084268]=0x80001c17
write [0x00084250]=0x0006
read [0xfd5000be]=0x9012
write [0x00084252]=0x9012
read [0xfd500188]=0x00000000
write [0xfd500188]=0x00000000
read [0xfd504204]=0x00200000
write [0xfd504204]=0x00000002
read [0xfd50406c]=0x00000304
write [0x00084254]=0x00000304
read [0xfd500000]=0x271114e4
read [0xfd50000e]=0x01
write [0xfd504514]=0xffffffff
write [0xfd504508]=0xffffffff
write [0xfd504044]=0xfffffffd
write [0xfd504048]=0x00000000
write [0xfd50404c]=0xffe06540
write [0xfd509000]=0x00100000
read [0xfd508008]=0xffffffff
read [0xfd50800e]=0xff
write [0xfd50800c]=0x10
write [0xfd508010]=0xf8000004
write [0xfd508014]=0x00000000
read [0xfd50803d]=0xff
write [0xfd50803d]=0x01
write [0xfd508004]=0x0146
read [0x0000000600000002]=0xdead
write [0x0008426c]=0xdead
read [0x0000000600000000]=0xad
read [0x0000000600000014]=0xdeaddead
read [0x0000000600000018]=0xdeaddead
read [0x0000000600000004]=0xdeaddead
read [0x0000000600000008]=0xdeaddead
read [0x000000060000000c]=0xdeaddead
read [0x0000000600000010]=0xdeaddead
