logger: Circle 43.3 started on Raspberry Pi 400 (AArch64)
timer: SpeedFactor is 1.51
pcie: Link up, 5.0 Gbps x1
xhci: 32 slots, 5 ports, 31 scratchpad bufs
xhci-log-prefix: Scratchpad Buffer base address: 0x0000000000603000
xhci-log-prefix: DMA offset (XHCI_TO_DMA(0)):     0x0000000400000000
xhci-log-prefix: DMA base address:                0x0000000400603000
xhci-log-prefix: Scratchpad buffer 0 DMA addr: 0x0000000400603000
xhci-log-prefix: Scratchpad buffer 1 DMA addr: 0x0000000400604000
xhci-log-prefix: Scratchpad buffer 2 DMA addr: 0x0000000400605000
xhci-log-prefix: Scratchpad buffer 3 DMA addr: 0x0000000400606000
xhci-log-prefix: Scratchpad buffer 4 DMA addr: 0x0000000400607000
xhci-log-prefix: Scratchpad buffer 5 DMA addr: 0x0000000400608000
xhci-log-prefix: Scratchpad buffer 6 DMA addr: 0x0000000400609000
xhci-log-prefix: Scratchpad buffer 7 DMA addr: 0x000000040060A000
xhci-log-prefix: Scratchpad buffer 8 DMA addr: 0x000000040060B000
xhci-log-prefix: Scratchpad buffer 9 DMA addr: 0x000000040060C000
xhci-log-prefix: Scratchpad buffer 10 DMA addr: 0x000000040060D000
xhci-log-prefix: Scratchpad buffer 11 DMA addr: 0x000000040060E000
xhci-log-prefix: Scratchpad buffer 12 DMA addr: 0x000000040060F000
xhci-log-prefix: Scratchpad buffer 13 DMA addr: 0x0000000400610000
xhci-log-prefix: Scratchpad buffer 14 DMA addr: 0x0000000400611000
xhci-log-prefix: Scratchpad buffer 15 DMA addr: 0x0000000400612000
xhci-log-prefix: Scratchpad buffer 16 DMA addr: 0x0000000400613000
xhci-log-prefix: Scratchpad buffer 17 DMA addr: 0x0000000400614000
xhci-log-prefix: Scratchpad buffer 18 DMA addr: 0x0000000400615000
xhci-log-prefix: Scratchpad buffer 19 DMA addr: 0x0000000400616000
xhci-log-prefix: Scratchpad buffer 20 DMA addr: 0x0000000400617000
xhci-log-prefix: Scratchpad buffer 21 DMA addr: 0x0000000400618000
xhci-log-prefix: Scratchpad buffer 22 DMA addr: 0x0000000400619000
xhci-log-prefix: Scratchpad buffer 23 DMA addr: 0x000000040061A000
xhci-log-prefix: Scratchpad buffer 24 DMA addr: 0x000000040061B000
xhci-log-prefix: Scratchpad buffer 25 DMA addr: 0x000000040061C000
xhci-log-prefix: Scratchpad buffer 26 DMA addr: 0x000000040061D000
xhci-log-prefix: Scratchpad buffer 27 DMA addr: 0x000000040061E000
xhci-log-prefix: Scratchpad buffer 28 DMA addr: 0x000000040061F000
xhci-log-prefix: Scratchpad buffer 29 DMA addr: 0x0000000400620000
xhci-log-prefix: Scratchpad buffer 30 DMA addr: 0x0000000400621000
xhci: MSI0
xhciroot: Port 1 status is 0x400202E1
xhci: MSI0
xhciroot: Port 1 status is 0x40200E03
xhcicmd: Execute command 9 (control 0x2400)
xhci: MSI0
xhcicmd: Command 9 completed with 1 (slot 1)
inputcontext: Dumping 0x420 bytes starting at 0x933000
inputcontext: 3000: 00 00 00 00 03 00 00 00-00 00 00 00 00 00 00 00
inputcontext: 3010: 00 00 00 00 00 00 00 00-00 00 00 00 00 00 00 00
inputcontext: 3020: 00 00 30 08 00 00 01 00-00 00 00 00 00 00 00 00
inputcontext: 3030: 00 00 00 00 00 00 00 00-00 00 00 00 00 00 00 00
inputcontext: 3040: 00 00 00 00 26 00 40 00-81 28 62 00 04 00 00 00
inputcontext: 3050: 08 00 00 00 00 00 00 00-00 00 00 00 00 00 00 00
inputcontext: 3060: 00 00 00 00 00 00 00 00-00 00 00 00 00 00 00 00
inputcontext: 3070: 00 00 00 00 00 00 00 00-00 00 00 00 00 00 00 00
inputcontext: 3080: 00 00 00 00 00 00 00 00-00 00 00 00 00 00 00 00
inputcontext: 3090: 00 00 00 00 00 00 00 00-00 00 00 00 00 00 00 00
inputcontext: 30A0: 00 00 00 00 00 00 00 00-00 00 00 00 00 00 00 00
inputcontext: 30B0: 00 00 00 00 00 00 00 00-00 00 00 00 00 00 00 00
inputcontext: 30C0: 00 00 00 00 00 00 00 00-00 00 00 00 00 00 00 00
inputcontext: 30D0: 00 00 00 00 00 00 00 00-00 00 00 00 00 00 00 00
inputcontext: 30E0: 00 00 00 00 00 00 00 00-00 00 00 00 00 00 00 00
inputcontext: 30F0: 00 00 00 00 00 00 00 00-00 00 00 00 00 00 00 00
inputcontext: 3100: 00 00 00 00 00 00 00 00-00 00 00 00 00 00 00 00
inputcontext: 3110: 00 00 00 00 00 00 00 00-00 00 00 00 00 00 00 00
inputcontext: 3120: 00 00 00 00 00 00 00 00-00 00 00 00 00 00 00 00
inputcontext: 3130: 00 00 00 00 00 00 00 00-00 00 00 00 00 00 00 00
inputcontext: 3140: 00 00 00 00 00 00 00 00-00 00 00 00 00 00 00 00
inputcontext: 3150: 00 00 00 00 00 00 00 00-00 00 00 00 00 00 00 00
inputcontext: 3160: 00 00 00 00 00 00 00 00-00 00 00 00 00 00 00 00
inputcontext: 3170: 00 00 00 00 00 00 00 00-00 00 00 00 00 00 00 00
inputcontext: 3180: 00 00 00 00 00 00 00 00-00 00 00 00 00 00 00 00
inputcontext: 3190: 00 00 00 00 00 00 00 00-00 00 00 00 00 00 00 00
inputcontext: 31A0: 00 00 00 00 00 00 00 00-00 00 00 00 00 00 00 00
inputcontext: 31B0: 00 00 00 00 00 00 00 00-00 00 00 00 00 00 00 00
inputcontext: 31C0: 00 00 00 00 00 00 00 00-00 00 00 00 00 00 00 00
inputcontext: 31D0: 00 00 00 00 00 00 00 00-00 00 00 00 00 00 00 00
inputcontext: 31E0: 00 00 00 00 00 00 00 00-00 00 00 00 00 00 00 00
inputcontext: 31F0: 00 00 00 00 00 00 00 00-00 00 00 00 00 00 00 00
inputcontext: 3200: 00 00 00 00 00 00 00 00-00 00 00 00 00 00 00 00
inputcontext: 3210: 00 00 00 00 00 00 00 00-00 00 00 00 00 00 00 00
inputcontext: 3220: 00 00 00 00 00 00 00 00-00 00 00 00 00 00 00 00
inputcontext: 3230: 00 00 00 00 00 00 00 00-00 00 00 00 00 00 00 00
inputcontext: 3240: 00 00 00 00 00 00 00 00-00 00 00 00 00 00 00 00
inputcontext: 3250: 00 00 00 00 00 00 00 00-00 00 00 00 00 00 00 00
inputcontext: 3260: 00 00 00 00 00 00 00 00-00 00 00 00 00 00 00 00
inputcontext: 3270: 00 00 00 00 00 00 00 00-00 00 00 00 00 00 00 00
inputcontext: 3280: 00 00 00 00 00 00 00 00-00 00 00 00 00 00 00 00
inputcontext: 3290: 00 00 00 00 00 00 00 00-00 00 00 00 00 00 00 00
inputcontext: 32A0: 00 00 00 00 00 00 00 00-00 00 00 00 00 00 00 00
inputcontext: 32B0: 00 00 00 00 00 00 00 00-00 00 00 00 00 00 00 00
inputcontext: 32C0: 00 00 00 00 00 00 00 00-00 00 00 00 00 00 00 00
inputcontext: 32D0: 00 00 00 00 00 00 00 00-00 00 00 00 00 00 00 00
inputcontext: 32E0: 00 00 00 00 00 00 00 00-00 00 00 00 00 00 00 00
inputcontext: 32F0: 00 00 00 00 00 00 00 00-00 00 00 00 00 00 00 00
inputcontext: 3300: 00 00 00 00 00 00 00 00-00 00 00 00 00 00 00 00
inputcontext: 3310: 00 00 00 00 00 00 00 00-00 00 00 00 00 00 00 00
inputcontext: 3320: 00 00 00 00 00 00 00 00-00 00 00 00 00 00 00 00
inputcontext: 3330: 00 00 00 00 00 00 00 00-00 00 00 00 00 00 00 00
inputcontext: 3340: 00 00 00 00 00 00 00 00-00 00 00 00 00 00 00 00
inputcontext: 3350: 00 00 00 00 00 00 00 00-00 00 00 00 00 00 00 00
inputcontext: 3360: 00 00 00 00 00 00 00 00-00 00 00 00 00 00 00 00
inputcontext: 3370: 00 00 00 00 00 00 00 00-00 00 00 00 00 00 00 00
inputcontext: 3380: 00 00 00 00 00 00 00 00-00 00 00 00 00 00 00 00
inputcontext: 3390: 00 00 00 00 00 00 00 00-00 00 00 00 00 00 00 00
inputcontext: 33A0: 00 00 00 00 00 00 00 00-00 00 00 00 00 00 00 00
inputcontext: 33B0: 00 00 00 00 00 00 00 00-00 00 00 00 00 00 00 00
inputcontext: 33C0: 00 00 00 00 00 00 00 00-00 00 00 00 00 00 00 00
inputcontext: 33D0: 00 00 00 00 00 00 00 00-00 00 00 00 00 00 00 00
inputcontext: 33E0: 00 00 00 00 00 00 00 00-00 00 00 00 00 00 00 00
inputcontext: 33F0: 00 00 00 00 00 00 00 00-00 00 00 00 00 00 00 00
inputcontext: 3400: 00 00 00 00 00 00 00 00-00 00 00 00 00 00 00 00
inputcontext: 3410: 00 00 00 00 00 00 00 00-00 00 00 00 00 00 00 00
xhcicmd: Execute command 11 (control 0x1002C00)
xhci: MSI0
xhcicmd: Command 11 completed with 1 (slot 1)
xhci: MSI0
xhciep: Transfer event on endpoint 1 (completion 1, length 0)
xhci: MSI0
xhciep: Transfer event on endpoint 1 (completion 1, length 0)
xhci: MSI0
xhciep: Transfer event on endpoint 1 (completion 1, length 0)
xhci: MSI0
xhciep: Transfer event on endpoint 1 (completion 1, length 0)
usbdev1: Device ven2109-3431, dev9-0-1 found
usbdev1: Interface int9-0-0 found
usbdev1: Using device/interface int9-0-0
xhci: MSI0
xhciep: Transfer event on endpoint 1 (completion 1, length 0)
xhcicmd: Execute command 13 (control 0x1003400)
xhci: MSI0
xhcicmd: Command 13 completed with 1 (slot 1)
xhciroot: Port 1: Device initialized
xhci: MSI0
xhciep: Transfer event on endpoint 1 (completion 1, length 0)
xhcicmd: Execute command 12 (control 0x1003000)
xhci: MSI0
xhcicmd: Command 12 completed with 1 (slot 1)
xhci: MSI0
xhciep: Transfer event on endpoint 1 (completion 1, length 0)
xhci: MSI0
xhciep: Transfer event on endpoint 1 (completion 1, length 0)
xhci: MSI0
xhciep: Transfer event on endpoint 1 (completion 1, length 0)
xhci: MSI0
xhciep: Transfer event on endpoint 1 (completion 1, length 0)
xhci: MSI0
xhciep: Transfer event on endpoint 1 (completion 1, length 0)
xhci: MSI0
xhciep: Transfer event on endpoint 1 (completion 1, length 0)
xhci: MSI0
xhciep: Transfer event on endpoint 1 (completion 1, length 0)
xhci: MSI0
xhciep: Transfer event on endpoint 1 (completion 1, length 0)
xhci: MSI0
xhciep: Transfer event on endpoint 1 (completion 1, length 0)
xhci: MSI0
xhciep: Transfer event on endpoint 1 (completion 1, length 0)
xhcicmd: Execute command 9 (control 0x2400)
xhci: MSI0
xhcicmd: Command 9 completed with 1 (slot 2)
inputcontext: Dumping 0x420 bytes starting at 0x933000
inputcontext: 3000: 00 00 00 00 03 00 00 00-00 00 00 00 00 00 00 00
inputcontext: 3010: 00 00 00 00 00 00 00 00-00 00 00 00 00 00 00 00
inputcontext: 3020: 04 00 20 08 00 00 01 00-01 04 00 00 00 00 00 00
inputcontext: 3030: 00 00 00 00 00 00 00 00-00 00 00 00 00 00 00 00
inputcontext: 3040: 00 00 00 00 26 00 08 00-41 41 62 00 04 00 00 00
inputcontext: 3050: 08 00 00 00 00 00 00 00-00 00 00 00 00 00 00 00
inputcontext: 3060: 00 00 00 00 00 00 00 00-00 00 00 00 00 00 00 00
inputcontext: 3070: 00 00 00 00 00 00 00 00-00 00 00 00 00 00 00 00
inputcontext: 3080: 00 00 00 00 00 00 00 00-00 00 00 00 00 00 00 00
inputcontext: 3090: 00 00 00 00 00 00 00 00-00 00 00 00 00 00 00 00
inputcontext: 30A0: 00 00 00 00 00 00 00 00-00 00 00 00 00 00 00 00
inputcontext: 30B0: 00 00 00 00 00 00 00 00-00 00 00 00 00 00 00 00
inputcontext: 30C0: 00 00 00 00 00 00 00 00-00 00 00 00 00 00 00 00
inputcontext: 30D0: 00 00 00 00 00 00 00 00-00 00 00 00 00 00 00 00
inputcontext: 30E0: 00 00 00 00 00 00 00 00-00 00 00 00 00 00 00 00
inputcontext: 30F0: 00 00 00 00 00 00 00 00-00 00 00 00 00 00 00 00
inputcontext: 3100: 00 00 00 00 00 00 00 00-00 00 00 00 00 00 00 00
inputcontext: 3110: 00 00 00 00 00 00 00 00-00 00 00 00 00 00 00 00
inputcontext: 3120: 00 00 00 00 00 00 00 00-00 00 00 00 00 00 00 00
inputcontext: 3130: 00 00 00 00 00 00 00 00-00 00 00 00 00 00 00 00
inputcontext: 3140: 00 00 00 00 00 00 00 00-00 00 00 00 00 00 00 00
inputcontext: 3150: 00 00 00 00 00 00 00 00-00 00 00 00 00 00 00 00
inputcontext: 3160: 00 00 00 00 00 00 00 00-00 00 00 00 00 00 00 00
inputcontext: 3170: 00 00 00 00 00 00 00 00-00 00 00 00 00 00 00 00
inputcontext: 3180: 00 00 00 00 00 00 00 00-00 00 00 00 00 00 00 00
inputcontext: 3190: 00 00 00 00 00 00 00 00-00 00 00 00 00 00 00 00
inputcontext: 31A0: 00 00 00 00 00 00 00 00-00 00 00 00 00 00 00 00
inputcontext: 31B0: 00 00 00 00 00 00 00 00-00 00 00 00 00 00 00 00
inputcontext: 31C0: 00 00 00 00 00 00 00 00-00 00 00 00 00 00 00 00
inputcontext: 31D0: 00 00 00 00 00 00 00 00-00 00 00 00 00 00 00 00
inputcontext: 31E0: 00 00 00 00 00 00 00 00-00 00 00 00 00 00 00 00
inputcontext: 31F0: 00 00 00 00 00 00 00 00-00 00 00 00 00 00 00 00
inputcontext: 3200: 00 00 00 00 00 00 00 00-00 00 00 00 00 00 00 00
inputcontext: 3210: 00 00 00 00 00 00 00 00-00 00 00 00 00 00 00 00
inputcontext: 3220: 00 00 00 00 00 00 00 00-00 00 00 00 00 00 00 00
inputcontext: 3230: 00 00 00 00 00 00 00 00-00 00 00 00 00 00 00 00
inputcontext: 3240: 00 00 00 00 00 00 00 00-00 00 00 00 00 00 00 00
inputcontext: 3250: 00 00 00 00 00 00 00 00-00 00 00 00 00 00 00 00
inputcontext: 3260: 00 00 00 00 00 00 00 00-00 00 00 00 00 00 00 00
inputcontext: 3270: 00 00 00 00 00 00 00 00-00 00 00 00 00 00 00 00
inputcontext: 3280: 00 00 00 00 00 00 00 00-00 00 00 00 00 00 00 00
inputcontext: 3290: 00 00 00 00 00 00 00 00-00 00 00 00 00 00 00 00
inputcontext: 32A0: 00 00 00 00 00 00 00 00-00 00 00 00 00 00 00 00
inputcontext: 32B0: 00 00 00 00 00 00 00 00-00 00 00 00 00 00 00 00
inputcontext: 32C0: 00 00 00 00 00 00 00 00-00 00 00 00 00 00 00 00
inputcontext: 32D0: 00 00 00 00 00 00 00 00-00 00 00 00 00 00 00 00
inputcontext: 32E0: 00 00 00 00 00 00 00 00-00 00 00 00 00 00 00 00
inputcontext: 32F0: 00 00 00 00 00 00 00 00-00 00 00 00 00 00 00 00
inputcontext: 3300: 00 00 00 00 00 00 00 00-00 00 00 00 00 00 00 00
inputcontext: 3310: 00 00 00 00 00 00 00 00-00 00 00 00 00 00 00 00
inputcontext: 3320: 00 00 00 00 00 00 00 00-00 00 00 00 00 00 00 00
inputcontext: 3330: 00 00 00 00 00 00 00 00-00 00 00 00 00 00 00 00
inputcontext: 3340: 00 00 00 00 00 00 00 00-00 00 00 00 00 00 00 00
inputcontext: 3350: 00 00 00 00 00 00 00 00-00 00 00 00 00 00 00 00
inputcontext: 3360: 00 00 00 00 00 00 00 00-00 00 00 00 00 00 00 00
inputcontext: 3370: 00 00 00 00 00 00 00 00-00 00 00 00 00 00 00 00
inputcontext: 3380: 00 00 00 00 00 00 00 00-00 00 00 00 00 00 00 00
inputcontext: 3390: 00 00 00 00 00 00 00 00-00 00 00 00 00 00 00 00
inputcontext: 33A0: 00 00 00 00 00 00 00 00-00 00 00 00 00 00 00 00
inputcontext: 33B0: 00 00 00 00 00 00 00 00-00 00 00 00 00 00 00 00
inputcontext: 33C0: 00 00 00 00 00 00 00 00-00 00 00 00 00 00 00 00
inputcontext: 33D0: 00 00 00 00 00 00 00 00-00 00 00 00 00 00 00 00
inputcontext: 33E0: 00 00 00 00 00 00 00 00-00 00 00 00 00 00 00 00
inputcontext: 33F0: 00 00 00 00 00 00 00 00-00 00 00 00 00 00 00 00
inputcontext: 3400: 00 00 00 00 00 00 00 00-00 00 00 00 00 00 00 00
inputcontext: 3410: 00 00 00 00 00 00 00 00-00 00 00 00 00 00 00 00
xhcicmd: Execute command 11 (control 0x2002C00)
xhci: MSI0
xhcicmd: Command 11 completed with 1 (slot 2)
xhci: MSI0
xhciep: Transfer event on endpoint 1 (completion 1, length 0)
xhci: MSI0
xhciep: Transfer event on endpoint 1 (completion 1, length 0)
xhci: MSI0
xhciep: Transfer event on endpoint 1 (completion 1, length 0)
xhci: MSI0
xhciep: Transfer event on endpoint 1 (completion 1, length 0)
usbdev1-4: Device ven4d9-7 found
usbdev1-4: Interface int3-1-1 found
usbdev1-4: Using device/interface int3-1-1
usbdev1-4: Interface int3-0-0 found
usbdev1-4: Using device/interface int3-0-0
xhci: MSI0
xhciep: Transfer event on endpoint 1 (completion 1, length 0)
xhcicmd: Execute command 12 (control 0x2003000)
xhci: MSI0
xhcicmd: Command 12 completed with 1 (slot 2)
xhci: MSI0
xhciep: Transfer event on endpoint 1 (completion 1, length 0)
xhci: MSI0
xhciep: Transfer event on endpoint 1 (completion 1, length 0)
xhci: MSI0
xhciep: Transfer event on endpoint 3 (completion 1, length 0)
xhciep: Transfer event on endpoint 1 (completion 1, length 0)
usbhub: Port 4: Device configured
xhci: MSI0
xhciep: Transfer event on endpoint 1 (completion 1, length 0)
xhci: MSI0
xhciep: Transfer event on endpoint 1 (completion 1, length 0)
xhci: MSI0
xhciep: Transfer event on endpoint 1 (completion 1, length 0)
xhci: MSI0
xhciep: Transfer event on endpoint 1 (completion 1, length 0)
xhci: MSI0
xhciep: Transfer event on endpoint 1 (completion 1, length 0)
xhciroot: Port 1: Device configured
xhciroot: Port 1: Status 0x40000E03, Info 0x0
xhcidev: Dumping 0x100 bytes starting at 0x6230C0
xhcidev: 30C0: 00 00 30 18 00 00 01 00-00 00 00 00 01 00 00 18
xhcidev: 30D0: 00 00 00 00 00 00 00 00-00 00 00 00 00 00 00 00
xhcidev: 30E0: 01 00 00 00 26 00 40 00-81 28 62 00 04 00 00 00
xhcidev: 30F0: 08 00 00 00 00 00 00 00-00 00 00 00 00 00 00 00
xhcidev: 3100: 00 00 00 00 00 00 00 00-00 00 00 00 00 00 00 00
xhcidev: 3110: 00 00 00 00 00 00 00 00-00 00 00 00 00 00 00 00
xhcidev: 3120: 01 00 0B 00 3E 00 01 00-01 39 62 00 04 00 00 00
xhcidev: 3130: 10 00 01 00 00 00 00 00-00 00 00 00 00 00 00 00
xhcidev: 3140: 00 00 00 00 00 00 00 00-00 00 00 00 00 00 00 00
xhcidev: 3150: 00 00 00 00 00 00 00 00-00 00 00 00 00 00 00 00
xhcidev: 3160: 00 00 00 00 00 00 00 00-00 00 00 00 00 00 00 00
xhcidev: 3170: 00 00 00 00 00 00 00 00-00 00 00 00 00 00 00 00
xhcidev: 3180: 00 00 00 00 00 00 00 00-00 00 00 00 00 00 00 00
xhcidev: 3190: 00 00 00 00 00 00 00 00-00 00 00 00 00 00 00 00
xhcidev: 31A0: 00 00 00 00 00 00 00 00-00 00 00 00 00 00 00 00
xhcidev: 31B0: 00 00 00 00 00 00 00 00-00 00 00 00 00 00 00 00
xhciep: Count 64, Enqueue 57, Cycle 1
xhciep: Dumping 0x400 bytes starting at 0x622880
xhciep: 2880: 80 06 00 01 00 00 08 00-08 00 00 00 41 08 03 00
xhciep: 2890: C0 0B 93 00 04 00 00 00-08 00 00 00 01 0C 01 00
xhciep: 28A0: 00 00 00 00 00 00 00 00-00 00 00 00 21 10 00 00
xhciep: 28B0: 80 06 00 01 00 00 12 00-08 00 00 00 41 08 03 00
xhciep: 28C0: C0 0B 93 00 04 00 00 00-12 00 00 00 01 0C 01 00
xhciep: 28D0: 00 00 00 00 00 00 00 00-00 00 00 00 21 10 00 00
xhciep: 28E0: 80 06 00 02 00 00 09 00-08 00 00 00 41 08 03 00
xhciep: 28F0: C0 1D 93 00 04 00 00 00-09 00 00 00 01 0C 01 00
xhciep: 2900: 00 00 00 00 00 00 00 00-00 00 00 00 21 10 00 00
xhciep: 2910: 80 06 00 02 00 00 19 00-08 00 00 00 41 08 03 00
xhciep: 2920: C0 1D 93 00 04 00 00 00-19 00 00 00 01 0C 01 00
xhciep: 2930: 00 00 00 00 00 00 00 00-00 00 00 00 21 10 00 00
xhciep: 2940: A0 06 00 29 00 00 09 00-08 00 00 00 41 08 03 00
xhciep: 2950: 80 05 93 00 04 00 00 00-09 00 00 00 01 0C 01 00
xhciep: 2960: 00 00 00 00 00 00 00 00-00 00 00 00 21 10 00 00
xhciep: 2970: 00 09 01 00 00 00 00 00-08 00 00 00 41 08 00 00
xhciep: 2980: 00 00 00 00 00 00 00 00-00 00 00 00 21 10 01 00
xhciep: 2990: 23 03 08 00 01 00 00 00-08 00 00 00 41 08 00 00
xhciep: 29A0: 00 00 00 00 00 00 00 00-00 00 00 00 21 10 01 00
xhciep: 29B0: 23 03 08 00 02 00 00 00-08 00 00 00 41 08 00 00
xhci: MSI0
xhciep: Transfer event on endpoint 3 (completion 1, length 0)
xhciep: 29C0: 00 00 00 00 00 00 00 00-00 00 00 00 21 10 01 00
xhciep: 29D0: 23 03 08 00 03 00 00 00-08 00 00 00 41 08 00 00
xhciep: 29E0: 00 00 00 00 00 00 00 00-00 00 00 00 21 10 01 00
xhciep: 29F0: 23 03 08 00 04 00 00 00-08 00 00 00 41 08 00 00
xhciep: 2A00: 00 00 00 00 00 00 00 00-00 00 00 00 21 10 01 00
xhciep: 2A10: A3 00 00 00 01 00 04 00-08 00 00 00 41 08 03 00
xhciep: 2A20: 80 81 93 00 04 00 00 00-04 00 00 00 01 0C 01 00
xhciep: 2A30: 00 00 00 00 00 00 00 00-00 00 00 00 21 10 00 00
xhciep: 2A40: A3 00 00 00 02 00 04 00-08 00 00 00 41 08 03 00
xhciep: 2A50: 80 82 93 00 04 00 00 00-04 00 00 00 01 0C 01 00
xhciep: 2A60: 00 00 00 00 00 00 00 00-00 00 00 00 21 10 00 00
xhciep: 2A70: A3 00 00 00 03 00 04 00-08 00 00 00 41 08 03 00
xhciep: 2A80: 00 82 93 00 04 00 00 00-04 00 00 00 01 0C 01 00
xhciep: 2A90: 00 00 00 00 00 00 00 00-00 00 00 00 21 10 00 00
xhciep: 2AA0: A3 00 00 00 04 00 04 00-08 00 00 00 41 08 03 00
xhciep: 2AB0: C0 89 93 00 04 00 00 00-04 00 00 00 01 0C 01 00
xhciep: 2AC0: 00 00 00 00 00 00 00 00-00 00 00 00 21 10 00 00
xhciep: 2AD0: 23 03 04 00 04 00 00 00-08 00 00 00 41 08 00 00
xhciep: 2AE0: 00 00 00 00 00 00 00 00-00 00 00 00 21 10 01 00
xhciep: 2AF0: A3 00 00 00 04 00 04 00-08 00 00 00 41 08 03 00
xhciep: 2B00: C0 89 93 00 04 00 00 00-04 00 00 00 01 0C 01 00
xhciep: 2B10: 00 00 00 00 00 00 00 00-00 00 00 00 21 10 00 00
xhciep: 2B20: A0 00 00 00 00 00 04 00-08 00 00 00 41 08 03 00
xhciep: 2B30: 40 AE 93 00 04 00 00 00-04 00 00 00 01 0C 01 00
xhciep: 2B40: 00 00 00 00 00 00 00 00-00 00 00 00 21 10 00 00
xhciep: 2B50: A3 00 00 00 01 00 04 00-08 00 00 00 41 08 03 00
xhciep: 2B60: 80 81 93 00 04 00 00 00-04 00 00 00 01 0C 01 00
xhciep: 2B70: 00 00 00 00 00 00 00 00-00 00 00 00 21 10 00 00
xhci: MSI0
xhciep: Transfer event on endpoint 3 (completion 1, length 0)
xhciep: 2B80: A3 00 00 00 02 00 04 00-08 00 00 00 41 08 03 00
xhciep: 2B90: 80 82 93 00 04 00 00 00-04 00 00 00 01 0C 01 00
xhciep: 2BA0: 00 00 00 00 00 00 00 00-00 00 00 00 21 10 00 00
xhciep: 2BB0: A3 00 00 00 03 00 04 00-08 00 00 00 41 08 03 00
xhciep: 2BC0: 00 82 93 00 04 00 00 00-04 00 00 00 01 0C 01 00
xhciep: 2BD0: 00 00 00 00 00 00 00 00-00 00 00 00 21 10 00 00
xhciep: 2BE0: A3 00 00 00 04 00 04 00-08 00 00 00 41 08 03 00
xhciep: 2BF0: C0 89 93 00 04 00 00 00-04 00 00 00 01 0C 01 00
xhciep: 2C00: 00 00 00 00 00 00 00 00-00 00 00 00 21 10 00 00
xhciep: 2C10: 00 00 00 00 00 00 00 00-00 00 00 00 00 00 00 00
xhciep: 2C20: 00 00 00 00 00 00 00 00-00 00 00 00 00 00 00 00
xhciep: 2C30: 00 00 00 00 00 00 00 00-00 00 00 00 00 00 00 00
xhciep: 2C40: 00 00 00 00 00 00 00 00-00 00 00 00 00 00 00 00
xhciep: 2C50: 00 00 00 00 00 00 00 00-00 00 00 00 00 00 00 00
xhciep: 2C60: 00 00 00 00 00 00 00 00-00 00 00 00 00 00 00 00
xhciep: 2C70: 80 28 62 00 04 00 00 00-00 00 00 00 02 18 00 00
xhciep: Endpoint 3 (addr 0x81, attr 0x3, maxpkt 1, interval 11)
xhciep: Count 64, Enqueue 1, Cycle 1
xhciep: Dumping 0x400 bytes starting at 0x623900
xhciep: 3900: 40 AE 93 00 04 00 00 00-01 00 00 00 21 04 00 00
xhciep: 3910: 00 00 00 00 00 00 00 00-00 00 00 00 00 00 00 00
xhciep: 3920: 00 00 00 00 00 00 00 00-00 00 00 00 00 00 00 00
xhciep: 3930: 00 00 00 00 00 00 00 00-00 00 00 00 00 00 00 00
xhciep: 3940: 00 00 00 00 00 00 00 00-00 00 00 00 00 00 00 00
xhciep: 3950: 00 00 00 00 00 00 00 00-00 00 00 00 00 00 00 00
xhciep: 3960: 00 00 00 00 00 00 00 00-00 00 00 00 00 00 00 00
xhciep: 3970: 00 00 00 00 00 00 00 00-00 00 00 00 00 00 00 00
xhciep: 3980: 00 00 00 00 00 00 00 00-00 00 00 00 00 00 00 00
xhciep: 3990: 00 00 00 00 00 00 00 00-00 00 00 00 00 00 00 00
xhciep: 39A0: 00 00 00 00 00 00 00 00-00 00 00 00 00 00 00 00
xhciep: 39B0: 00 00 00 00 00 00 00 00-00 00 00 00 00 00 00 00
xhciep: 39C0: 00 00 00 00 00 00 00 00-00 00 00 00 00 00 00 00
xhciep: 39D0: 00 00 00 00 00 00 00 00-00 00 00 00 00 00 00 00
xhciep: 39E0: 00 00 00 00 00 00 00 00-00 00 00 00 00 00 00 00
xhciep: 39F0: 00 00 00 00 00 00 00 00-00 00 00 00 00 00 00 00
xhciep: 3A00: 00 00 00 00 00 00 00 00-00 00 00 00 00 00 00 00
xhciep: 3A10: 00 00 00 00 00 00 00 00-00 00 00 00 00 00 00 00
xhciep: 3A20: 00 00 00 00 00 00 00 00-00 00 00 00 00 00 00 00
xhciep: 3A30: 00 00 00 00 00 00 00 00-00 00 00 00 00 00 00 00
xhciep: 3A40: 00 00 00 00 00 00 00 00-00 00 00 00 00 00 00 00
xhciep: 3A50: 00 00 00 00 00 00 00 00-00 00 00 00 00 00 00 00
xhciep: 3A60: 00 00 00 00 00 00 00 00-00 00 00 00 00 00 00 00
xhciep: 3A70: 00 00 00 00 00 00 00 00-00 00 00 00 00 00 00 00
xhciep: 3A80: 00 00 00 00 00 00 00 00-00 00 00 00 00 00 00 00
xhciep: 3A90: 00 00 00 00 00 00 00 00-00 00 00 00 00 00 00 00
xhciep: 3AA0: 00 00 00 00 00 00 00 00-00 00 00 00 00 00 00 00
xhciep: 3AB0: 00 00 00 00 00 00 00 00-00 00 00 00 00 00 00 00
xhciep: 3AC0: 00 00 00 00 00 00 00 00-00 00 00 00 00 00 00 00
xhciep: 3AD0: 00 00 00 00 00 00 00 00-00 00 00 00 00 00 00 00
xhciep: 3AE0: 00 00 00 00 00 00 00 00-00 00 00 00 00 00 00 00
xhciep: 3AF0: 00 00 00 00 00 00 00 00-00 00 00 00 00 00 00 00
xhciep: 3B00: 00 00 00 00 00 00 00 00-00 00 00 00 00 00 00 00
xhciep: 3B10: 00 00 00 00 00 00 00 00-00 00 00 00 00 00 00 00
xhciep: 3B20: 00 00 00 00 00 00 00 00-00 00 00 00 00 00 00 00
xhciep: 3B30: 00 00 00 00 00 00 00 00-00 00 00 00 00 00 00 00
xhciep: 3B40: 00 00 00 00 00 00 00 00-00 00 00 00 00 00 00 00
xhciep: 3B50: 00 00 00 00 00 00 00 00-00 00 00 00 00 00 00 00
xhciep: 3B60: 00 00 00 00 00 00 00 00-00 00 00 00 00 00 00 00
xhciep: 3B70: 00 00 00 00 00 00 00 00-00 00 00 00 00 00 00 00
xhciep: 3B80: 00 00 00 00 00 00 00 00-00 00 00 00 00 00 00 00
xhciep: 3B90: 00 00 00 00 00 00 00 00-00 00 00 00 00 00 00 00
xhciep: 3BA0: 00 00 00 00 00 00 00 00-00 00 00 00 00 00 00 00
xhciep: 3BB0: 00 00 00 00 00 00 00 00-00 00 00 00 00 00 00 00
xhciep: 3BC0: 00 00 00 00 00 00 00 00-00 00 00 00 00 00 00 00
xhciep: 3BD0: 00 00 00 00 00 00 00 00-00 00 00 00 00 00 00 00
xhciep: 3BE0: 00 00 00 00 00 00 00 00-00 00 00 00 00 00 00 00
xhciep: 3BF0: 00 00 00 00 00 00 00 00-00 00 00 00 00 00 00 00
xhciep: 3C00: 00 00 00 00 00 00 00 00-00 00 00 00 00 00 00 00
xhciep: 3C10: 00 00 00 00 00 00 00 00-00 00 00 00 00 00 00 00
xhciep: 3C20: 00 00 00 00 00 00 00 00-00 00 00 00 00 00 00 00
xhciep: 3C30: 00 00 00 00 00 00 00 00-00 00 00 00 00 00 00 00
xhciep: 3C40: 00 00 00 00 00 00 00 00-00 00 00 00 00 00 00 00
xhciep: 3C50: 00 00 00 00 00 00 00 00-00 00 00 00 00 00 00 00
xhciep: 3C60: 00 00 00 00 00 00 00 00-00 00 00 00 00 00 00 00
xhciep: 3C70: 00 00 00 00 00 00 00 00-00 00 00 00 00 00 00 00
xhciep: 3C80: 00 00 00 00 00 00 00 00-00 00 00 00 00 00 00 00
xhciep: 3C90: 00 00 00 00 00 00 00 00-00 00 00 00 00 00 00 00
xhciep: 3CA0: 00 00 00 00 00 00 00 00-00 00 00 00 00 00 00 00
xhci: MSI0
xhciep: Transfer event on endpoint 3 (completion 1, length 0)
xhciep: 3CB0: 00 00 00 00 00 00 00 00-00 00 00 00 00 00 00 00
xhciep: 3CC0: 00 00 00 00 00 00 00 00-00 00 00 00 00 00 00 00
xhciep: 3CD0: 00 00 00 00 00 00 00 00-00 00 00 00 00 00 00 00
xhciep: 3CE0: 00 00 00 00 00 00 00 00-00 00 00 00 00 00 00 00
xhciep: 3CF0: 00 39 62 00 04 00 00 00-00 00 00 00 02 18 00 00
xhciroot: Port 2: Status 0x2A0, Info 0x0
xhciroot: Port 3: Status 0x2A0, Info 0x0
xhciroot: Port 4: Status 0x2A0, Info 0x0
xhciroot: Port 5: Status 0x2A0, Info 0x0
xhcievt: Count 64, Dequeue 42, Cycle 1
xhcievt: Dumping 0x400 bytes starting at 0x600880
xhcievt: 0880: 00 00 00 01 00 00 00 00-00 00 00 01 01 88 00 00
xhcievt: 0890: 00 00 00 01 00 00 00 00-00 00 00 01 01 88 00 00
xhcievt: 08A0: 00 19 60 00 04 00 00 00-00 00 00 01 01 84 00 01
xhcievt: 08B0: 10 19 60 00 04 00 00 00-00 00 00 01 01 84 00 01
xhcievt: 08C0: A0 28 62 00 04 00 00 00-00 00 00 01 01 80 01 01
xhcievt: 08D0: D0 28 62 00 04 00 00 00-00 00 00 01 01 80 01 01
xhcievt: 08E0: 00 29 62 00 04 00 00 00-00 00 00 01 01 80 01 01
xhcievt: 08F0: 30 29 62 00 04 00 00 00-00 00 00 01 01 80 01 01
xhcievt: 0900: 60 29 62 00 04 00 00 00-00 00 00 01 01 80 01 01
xhcievt: 0910: 20 19 60 00 04 00 00 00-00 00 00 01 01 84 00 01
xhcievt: 0920: 80 29 62 00 04 00 00 00-00 00 00 01 01 80 01 01
xhcievt: 0930: 30 19 60 00 04 00 00 00-00 00 00 01 01 84 00 01
xhcievt: 0940: A0 29 62 00 04 00 00 00-00 00 00 01 01 80 01 01
xhcievt: 0950: C0 29 62 00 04 00 00 00-00 00 00 01 01 80 01 01
xhcievt: 0960: E0 29 62 00 04 00 00 00-00 00 00 01 01 80 01 01
xhcievt: 0970: 00 2A 62 00 04 00 00 00-00 00 00 01 01 80 01 01
xhcievt: 0980: 30 2A 62 00 04 00 00 00-00 00 00 01 01 80 01 01
xhcievt: 0990: 60 2A 62 00 04 00 00 00-00 00 00 01 01 80 01 01
xhcievt: 09A0: 90 2A 62 00 04 00 00 00-00 00 00 01 01 80 01 01
xhcievt: 09B0: C0 2A 62 00 04 00 00 00-00 00 00 01 01 80 01 01
xhcievt: 09C0: E0 2A 62 00 04 00 00 00-00 00 00 01 01 80 01 01
xhcievt: 09D0: 10 2B 62 00 04 00 00 00-00 00 00 01 01 80 01 01
xhcievt: 09E0: 40 19 60 00 04 00 00 00-00 00 00 01 01 84 00 02
xhcievt: 09F0: 50 19 60 00 04 00 00 00-00 00 00 01 01 84 00 02
xhcievt: 0A00: 60 41 62 00 04 00 00 00-00 00 00 01 01 80 01 02
xhcievt: 0A10: 90 41 62 00 04 00 00 00-00 00 00 01 01 80 01 02
xhcievt: 0A20: C0 41 62 00 04 00 00 00-00 00 00 01 01 80 01 02
xhcievt: 0A30: F0 41 62 00 04 00 00 00-00 00 00 01 01 80 01 02
xhcievt: 0A40: 10 42 62 00 04 00 00 00-00 00 00 01 01 80 01 02
xhcievt: 0A50: 60 19 60 00 04 00 00 00-00 00 00 01 01 84 00 02
xhcievt: 0A60: 30 42 62 00 04 00 00 00-00 00 00 01 01 80 01 02
xhcievt: 0A70: 60 42 62 00 04 00 00 00-00 00 00 01 01 80 01 02
xhcievt: 0A80: C0 51 62 00 04 00 00 00-00 00 00 01 01 80 03 02
xhcievt: 0A90: 90 42 62 00 04 00 00 00-00 00 00 01 01 80 01 02
xhcievt: 0AA0: 40 2B 62 00 04 00 00 00-00 00 00 01 01 80 01 01
xhcievt: 0AB0: 70 2B 62 00 04 00 00 00-00 00 00 01 01 80 01 01
xhcievt: 0AC0: A0 2B 62 00 04 00 00 00-00 00 00 01 01 80 01 01
xhcievt: 0AD0: D0 2B 62 00 04 00 00 00-00 00 00 01 01 80 01 01
xhcievt: 0AE0: 00 2C 62 00 04 00 00 00-00 00 00 01 01 80 01 01
xhcievt: 0AF0: 00 39 62 00 04 00 00 00-00 00 00 01 01 80 03 01
xhcievt: 0B00: D0 51 62 00 04 00 00 00-00 00 00 01 01 80 03 02
xhcievt: 0B10: E0 51 62 00 04 00 00 00-00 00 00 01 01 80 03 02
xhcievt: 0B20: 00 00 00 00 00 00 00 00-00 00 00 00 00 00 00 00
xhcievt: 0B30: 00 00 00 00 00 00 00 00-00 00 00 00 00 00 00 00
xhcievt: 0B40: 00 00 00 00 00 00 00 00-00 00 00 00 00 00 00 00
xhcievt: 0B50: 00 00 00 00 00 00 00 00-00 00 00 00 00 00 00 00
xhcievt: 0B60: 00 00 00 00 00 00 00 00-00 00 00 00 00 00 00 00
xhcievt: 0B70: 00 00 00 00 00 00 00 00-00 00 00 00 00 00 00 00
xhcievt: 0B80: 00 00 00 00 00 00 00 00-00 00 00 00 00 00 00 00
xhcievt: 0B90: 00 00 00 00 00 00 00 00-00 00 00 00 00 00 00 00
xhcievt: 0BA0: 00 00 00 00 00 00 00 00-00 00 00 00 00 00 00 00
xhcievt: 0BB0: 00 00 00 00 00 00 00 00-00 00 00 00 00 00 00 00
xhcievt: 0BC0: 00 00 00 00 00 00 00 00-00 00 00 00 00 00 00 00
xhcievt: 0BD0: 00 00 00 00 00 00 00 00-00 00 00 00 00 00 00 00
xhcievt: 0BE0: 00 00 00 00 00 00 00 00-00 00 00 00 00 00 00 00
xhcievt: 0BF0: 00 00 00 00 00 00 00 00-00 00 00 00 00 00 00 00
xhcievt: 0C00: 00 00 00 00 00 00 00 00-00 00 00 00 00 00 00 00
xhcievt: 0C10: 00 00 00 00 00 00 00 00-00 00 00 00 00 00 00 00
xhcievt: 0C20: 00 00 00 00 00 00 00 00-00 00 00 00 00 00 00 00
xhcievt: 0C30: 00 00 00 00 00 00 00 00-00 00 00 00 00 00 00 00
xhcievt: 0C40: 00 00 00 00 00 00 00 00-00 00 00 00 00 00 00 00
xhcievt: 0C50: 00 00 00 00 00 00 00 00-00 00 00 00 00 00 00 00
xhcievt: 0C60: 00 00 00 00 00 00 00 00-00 00 00 00 00 00 00 00
xhcievt: 0C70: 00 00 00 00 00 00 00 00-00 00 00 00 00 00 00 00
xhcicmd: Count 64, Enqueue 7, Cycle 1
xhcicmd: Dumping 0x400 bytes starting at 0x601900
xhcicmd: 1900: 00 00 00 00 00 00 00 00-00 00 00 00 01 24 00 00
xhcicmd: 1910: 00 30 93 00 04 00 00 00-00 00 00 00 01 2C 00 01
xhci: MSI0
xhciep: Transfer event on endpoint 3 (completion 1, length 0)
xhcicmd: 1920: 00 30 93 00 04 00 00 00-00 00 00 00 01 34 00 01
xhcicmd: 1930: 00 30 93 00 04 00 00 00-00 00 00 00 01 30 00 01
xhcicmd: 1940: 00 00 00 00 00 00 00 00-00 00 00 00 01 24 00 00
xhcicmd: 1950: 00 30 93 00 04 00 00 00-00 00 00 00 01 2C 00 02
xhcicmd: 1960: 00 30 93 00 04 00 00 00-00 00 00 00 01 30 00 02
xhcicmd: 1970: 00 00 00 00 00 00 00 00-00 00 00 00 00 00 00 00
xhcicmd: 1980: 00 00 00 00 00 00 00 00-00 00 00 00 00 00 00 00
xhcicmd: 1990: 00 00 00 00 00 00 00 00-00 00 00 00 00 00 00 00
xhcicmd: 19A0: 00 00 00 00 00 00 00 00-00 00 00 00 00 00 00 00
xhcicmd: 19B0: 00 00 00 00 00 00 00 00-00 00 00 00 00 00 00 00
xhcicmd: 19C0: 00 00 00 00 00 00 00 00-00 00 00 00 00 00 00 00
xhcicmd: 19D0: 00 00 00 00 00 00 00 00-00 00 00 00 00 00 00 00
xhcicmd: 19E0: 00 00 00 00 00 00 00 00-00 00 00 00 00 00 00 00
xhcicmd: 19F0: 00 00 00 00 00 00 00 00-00 00 00 00 00 00 00 00
xhcicmd: 1A00: 00 00 00 00 00 00 00 00-00 00 00 00 00 00 00 00
xhcicmd: 1A10: 00 00 00 00 00 00 00 00-00 00 00 00 00 00 00 00
xhcicmd: 1A20: 00 00 00 00 00 00 00 00-00 00 00 00 00 00 00 00
xhcicmd: 1A30: 00 00 00 00 00 00 00 00-00 00 00 00 00 00 00 00
xhcicmd: 1A40: 00 00 00 00 00 00 00 00-00 00 00 00 00 00 00 00
xhcicmd: 1A50: 00 00 00 00 00 00 00 00-00 00 00 00 00 00 00 00
xhcicmd: 1A60: 00 00 00 00 00 00 00 00-00 00 00 00 00 00 00 00
xhcicmd: 1A70: 00 00 00 00 00 00 00 00-00 00 00 00 00 00 00 00
xhcicmd: 1A80: 00 00 00 00 00 00 00 00-00 00 00 00 00 00 00 00
xhcicmd: 1A90: 00 00 00 00 00 00 00 00-00 00 00 00 00 00 00 00
xhcicmd: 1AA0: 00 00 00 00 00 00 00 00-00 00 00 00 00 00 00 00
xhcicmd: 1AB0: 00 00 00 00 00 00 00 00-00 00 00 00 00 00 00 00
xhcicmd: 1AC0: 00 00 00 00 00 00 00 00-00 00 00 00 00 00 00 00
xhcicmd: 1AD0: 00 00 00 00 00 00 00 00-00 00 00 00 00 00 00 00
xhcicmd: 1AE0: 00 00 00 00 00 00 00 00-00 00 00 00 00 00 00 00
xhcicmd: 1AF0: 00 00 00 00 00 00 00 00-00 00 00 00 00 00 00 00
xhcicmd: 1B00: 00 00 00 00 00 00 00 00-00 00 00 00 00 00 00 00
xhcicmd: 1B10: 00 00 00 00 00 00 00 00-00 00 00 00 00 00 00 00
xhcicmd: 1B20: 00 00 00 00 00 00 00 00-00 00 00 00 00 00 00 00
xhcicmd: 1B30: 00 00 00 00 00 00 00 00-00 00 00 00 00 00 00 00
xhcicmd: 1B40: 00 00 00 00 00 00 00 00-00 00 00 00 00 00 00 00
xhcicmd: 1B50: 00 00 00 00 00 00 00 00-00 00 00 00 00 00 00 00
xhcicmd: 1B60: 00 00 00 00 00 00 00 00-00 00 00 00 00 00 00 00
xhcicmd: 1B70: 00 00 00 00 00 00 00 00-00 00 00 00 00 00 00 00
xhcicmd: 1B80: 00 00 00 00 00 00 00 00-00 00 00 00 00 00 00 00
xhcicmd: 1B90: 00 00 00 00 00 00 00 00-00 00 00 00 00 00 00 00
xhcicmd: 1BA0: 00 00 00 00 00 00 00 00-00 00 00 00 00 00 00 00
xhcicmd: 1BB0: 00 00 00 00 00 00 00 00-00 00 00 00 00 00 00 00
xhcicmd: 1BC0: 00 00 00 00 00 00 00 00-00 00 00 00 00 00 00 00
xhcicmd: 1BD0: 00 00 00 00 00 00 00 00-00 00 00 00 00 00 00 00
xhcicmd: 1BE0: 00 00 00 00 00 00 00 00-00 00 00 00 00 00 00 00
xhcicmd: 1BF0: 00 00 00 00 00 00 00 00-00 00 00 00 00 00 00 00
xhcicmd: 1C00: 00 00 00 00 00 00 00 00-00 00 00 00 00 00 00 00
xhcicmd: 1C10: 00 00 00 00 00 00 00 00-00 00 00 00 00 00 00 00
xhcicmd: 1C20: 00 00 00 00 00 00 00 00-00 00 00 00 00 00 00 00
xhcicmd: 1C30: 00 00 00 00 00 00 00 00-00 00 00 00 00 00 00 00
xhcicmd: 1C40: 00 00 00 00 00 00 00 00-00 00 00 00 00 00 00 00
xhcicmd: 1C50: 00 00 00 00 00 00 00 00-00 00 00 00 00 00 00 00
xhcicmd: 1C60: 00 00 00 00 00 00 00 00-00 00 00 00 00 00 00 00
xhcicmd: 1C70: 00 00 00 00 00 00 00 00-00 00 00 00 00 00 00 00
xhcicmd: 1C80: 00 00 00 00 00 00 00 00-00 00 00 00 00 00 00 00
xhcicmd: 1C90: 00 00 00 00 00 00 00 00-00 00 00 00 00 00 00 00
xhcicmd: 1CA0: 00 00 00 00 00 00 00 00-00 00 00 00 00 00 00 00
xhcicmd: 1CB0: 00 00 00 00 00 00 00 00-00 00 00 00 00 00 00 00
xhcicmd: 1CC0: 00 00 00 00 00 00 00 00-00 00 00 00 00 00 00 00
xhcicmd: 1CD0: 00 00 00 00 00 00 00 00-00 00 00 00 00 00 00 00
xhcicmd: 1CE0: 00 00 00 00 00 00 00 00-00 00 00 00 00 00 00 00
xhcicmd: 1CF0: 00 19 60 00 04 00 00 00-00 00 00 00 02 18 00 00
xhcidcbaa: Dumping 0x108 bytes starting at 0x600040
xhcidcbaa: 0040: 40 20 62 00 04 00 00 00-C0 30 62 00 04 00 00 00
xhcidcbaa: 0050: 80 49 62 00 04 00 00 00-00 00 00 00 00 00 00 00
xhcidcbaa: 0060: 00 00 00 00 00 00 00 00-00 00 00 00 00 00 00 00
xhcidcbaa: 0070: 00 00 00 00 00 00 00 00-00 00 00 00 00 00 00 00
xhcidcbaa: 0080: 00 00 00 00 00 00 00 00-00 00 00 00 00 00 00 00
xhcidcbaa: 0090: 00 00 00 00 00 00 00 00-00 00 00 00 00 00 00 00
xhcidcbaa: 00A0: 00 00 00 00 00 00 00 00-00 00 00 00 00 00 00 00
xhcidcbaa: 00B0: 00 00 00 00 00 00 00 00-00 00 00 00 00 00 00 00
xhcidcbaa: 00C0: 00 00 00 00 00 00 00 00-00 00 00 00 00 00 00 00
xhcidcbaa: 00D0: 00 00 00 00 00 00 00 00-00 00 00 00 00 00 00 00
xhcidcbaa: 00E0: 00 00 00 00 00 00 00 00-00 00 00 00 00 00 00 00
xhcidcbaa: 00F0: 00 00 00 00 00 00 00 00-00 00 00 00 00 00 00 00
xhcidcbaa: 0100: 00 00 00 00 00 00 00 00-00 00 00 00 00 00 00 00
xhci: MSI0
xhciep: Transfer event on endpoint 3 (completion 1, length 0)
xhcidcbaa: 0110: 00 00 00 00 00 00 00 00-00 00 00 00 00 00 00 00
xhcidcbaa: 0120: 00 00 00 00 00 00 00 00-00 00 00 00 00 00 00 00
xhcidcbaa: 0130: 00 00 00 00 00 00 00 00-00 00 00 00 00 00 00 00
xhcidcbaa: 0140: 00 00 00 00 00 00 00 00-00 00 00 00 00 00 00 00
xhcicap: Dumping 0x1C bytes starting at 0x600000000
xhcicap: 0000: 20 00 00 01 20 04 00 05-31 00 00 FC 04 00 E7 00
xhcicap: 0010: EB 41 28 00 00 01 00 00-00 02 00 00 00 00 00 00
xhciop: Dumping 0x3C bytes starting at 0x600000020
xhciop: 0020: 05 00 00 00 00 00 00 00-01 00 00 00 00 00 00 00
xhciop: 0030: 00 00 00 00 00 00 00 00-08 00 00 00 00 00 00 00
xhciop: 0040: 00 00 00 00 00 00 00 00-00 00 00 00 00 00 00 00
xhciop: 0050: 40 00 60 00 04 00 00 00-20 00 00 00 00 00 00 00
xhciir0: Dumping 0x20 bytes starting at 0x600000220
xhciir0: 0220: 02 00 00 00 F4 01 00 00-01 00 00 00 00 00 00 00
xhciir0: 0230: C0 10 60 00 04 00 00 00-40 0B 60 00 04 00 00 00
pcie: Bridge status is 0x10
pcie: Device status is 0x10
xhci: 2921 KB shared memory free
xhciroot: Port 1: Status 0x40000E03, Info 0x0
xhcidev: Dumping 0x100 bytes starting at 0x6230C0
xhcidev: 30C0: 00 00 30 18 00 00 01 00-00 00 00 00 01 00 00 18
xhcidev: 30D0: 00 00 00 00 00 00 00 00-00 00 00 00 00 00 00 00
xhcidev: 30E0: 01 00 00 00 26 00 40 00-81 28 62 00 04 00 00 00
xhcidev: 30F0: 08 00 00 00 00 00 00 00-00 00 00 00 00 00 00 00
xhcidev: 3100: 00 00 00 00 00 00 00 00-00 00 00 00 00 00 00 00
xhcidev: 3110: 00 00 00 00 00 00 00 00-00 00 00 00 00 00 00 00
xhcidev: 3120: 01 00 0B 00 3E 00 01 00-01 39 62 00 04 00 00 00
xhcidev: 3130: 10 00 01 00 00 00 00 00-00 00 00 00 00 00 00 00
xhcidev: 3140: 00 00 00 00 00 00 00 00-00 00 00 00 00 00 00 00
xhcidev: 3150: 00 00 00 00 00 00 00 00-00 00 00 00 00 00 00 00
xhcidev: 3160: 00 00 00 00 00 00 00 00-00 00 00 00 00 00 00 00
xhcidev: 3170: 00 00 00 00 00 00 00 00-00 00 00 00 00 00 00 00
xhcidev: 3180: 00 00 00 00 00 00 00 00-00 00 00 00 00 00 00 00
xhcidev: 3190: 00 00 00 00 00 00 00 00-00 00 00 00 00 00 00 00
xhcidev: 31A0: 00 00 00 00 00 00 00 00-00 00 00 00 00 00 00 00
xhcidev: 31B0: 00 00 00 00 00 00 00 00-00 00 00 00 00 00 00 00
xhciep: Count 64, Enqueue 57, Cycle 1
xhciep: Dumping 0x400 bytes starting at 0x622880
xhciep: 2880: 80 06 00 01 00 00 08 00-08 00 00 00 41 08 03 00
xhciep: 2890: C0 0B 93 00 04 00 00 00-08 00 00 00 01 0C 01 00
xhciep: 28A0: 00 00 00 00 00 00 00 00-00 00 00 00 21 10 00 00
xhciep: 28B0: 80 06 00 01 00 00 12 00-08 00 00 00 41 08 03 00
xhciep: 28C0: C0 0B 93 00 04 00 00 00-12 00 00 00 01 0C 01 00
xhciep: 28D0: 00 00 00 00 00 00 00 00-00 00 00 00 21 10 00 00
xhciep: 28E0: 80 06 00 02 00 00 09 00-08 00 00 00 41 08 03 00
xhciep: 28F0: C0 1D 93 00 04 00 00 00-09 00 00 00 01 0C 01 00
xhciep: 2900: 00 00 00 00 00 00 00 00-00 00 00 00 21 10 00 00
xhciep: 2910: 80 06 00 02 00 00 19 00-08 00 00 00 41 08 03 00
xhciep: 2920: C0 1D 93 00 04 00 00 00-19 00 00 00 01 0C 01 00
xhciep: 2930: 00 00 00 00 00 00 00 00-00 00 00 00 21 10 00 00
xhciep: 2940: A0 06 00 29 00 00 09 00-08 00 00 00 41 08 03 00
xhciep: 2950: 80 05 93 00 04 00 00 00-09 00 00 00 01 0C 01 00
xhciep: 2960: 00 00 00 00 00 00 00 00-00 00 00 00 21 10 00 00
xhciep: 2970: 00 09 01 00 00 00 00 00-08 00 00 00 41 08 00 00
xhciep: 2980: 00 00 00 00 00 00 00 00-00 00 00 00 21 10 01 00
xhciep: 2990: 23 03 08 00 01 00 00 00-08 00 00 00 41 08 00 00
xhciep: 29A0: 00 00 00 00 00 00 00 00-00 00 00 00 21 10 01 00
xhciep: 29B0: 23 03 08 00 02 00 00 00-08 00 00 00 41 08 00 00
xhciep: 29C0: 00 00 00 00 00 00 00 00-00 00 00 00 21 10 01 00
xhciep: 29D0: 23 03 08 00 03 00 00 00-08 00 00 00 41 08 00 00
xhciep: 29E0: 00 00 00 00 00 00 00 00-00 00 00 00 21 10 01 00
xhciep: 29F0: 23 03 08 00 04 00 00 00-08 00 00 00 41 08 00 00
xhciep: 2A00: 00 00 00 00 00 00 00 00-00 00 00 00 21 10 01 00
xhciep: 2A10: A3 00 00 00 01 00 04 00-08 00 00 00 41 08 03 00
xhciep: 2A20: 80 81 93 00 04 00 00 00-04 00 00 00 01 0C 01 00
xhciep: 2A30: 00 00 00 00 00 00 00 00-00 00 00 00 21 10 00 00
xhciep: 2A40: A3 00 00 00 02 00 04 00-08 00 00 00 41 08 03 00
xhciep: 2A50: 80 82 93 00 04 00 00 00-04 00 00 00 01 0C 01 00
xhciep: 2A60: 00 00 00 00 00 00 00 00-00 00 00 00 21 10 00 00
xhciep: 2A70: A3 00 00 00 03 00 04 00-08 00 00 00 41 08 03 00
xhciep: 2A80: 00 82 93 00 04 00 00 00-04 00 00 00 01 0C 01 00
xhciep: 2A90: 00 00 00 00 00 00 00 00-00 00 00 00 21 10 00 00
xhciep: 2AA0: A3 00 00 00 04 00 04 00-08 00 00 00 41 08 03 00
xhciep: 2AB0: C0 89 93 00 04 00 00 00-04 00 00 00 01 0C 01 00
xhciep: 2AC0: 00 00 00 00 00 00 00 00-00 00 00 00 21 10 00 00
xhciep: 2AD0: 23 03 04 00 04 00 00 00-08 00 00 00 41 08 00 00
xhciep: 2AE0: 00 00 00 00 00 00 00 00-00 00 00 00 21 10 01 00
xhciep: 2AF0: A3 00 00 00 04 00 04 00-08 00 00 00 41 08 03 00
xhciep: 2B00: C0 89 93 00 04 00 00 00-04 00 00 00 01 0C 01 00
xhci: MSI0
xhciep: Transfer event on endpoint 3 (completion 1, length 0)
xhciep: 2B10: 00 00 00 00 00 00 00 00-00 00 00 00 21 10 00 00
xhciep: 2B20: A0 00 00 00 00 00 04 00-08 00 00 00 41 08 03 00
xhciep: 2B30: 40 AE 93 00 04 00 00 00-04 00 00 00 01 0C 01 00
xhciep: 2B40: 00 00 00 00 00 00 00 00-00 00 00 00 21 10 00 00
xhciep: 2B50: A3 00 00 00 01 00 04 00-08 00 00 00 41 08 03 00
xhciep: 2B60: 80 81 93 00 04 00 00 00-04 00 00 00 01 0C 01 00
xhciep: 2B70: 00 00 00 00 00 00 00 00-00 00 00 00 21 10 00 00
xhciep: 2B80: A3 00 00 00 02 00 04 00-08 00 00 00 41 08 03 00
xhciep: 2B90: 80 82 93 00 04 00 00 00-04 00 00 00 01 0C 01 00
xhciep: 2BA0: 00 00 00 00 00 00 00 00-00 00 00 00 21 10 00 00
xhciep: 2BB0: A3 00 00 00 03 00 04 00-08 00 00 00 41 08 03 00
xhciep: 2BC0: 00 82 93 00 04 00 00 00-04 00 00 00 01 0C 01 00
xhciep: 2BD0: 00 00 00 00 00 00 00 00-00 00 00 00 21 10 00 00
xhciep: 2BE0: A3 00 00 00 04 00 04 00-08 00 00 00 41 08 03 00
xhciep: 2BF0: C0 89 93 00 04 00 00 00-04 00 00 00 01 0C 01 00
xhciep: 2C00: 00 00 00 00 00 00 00 00-00 00 00 00 21 10 00 00
xhciep: 2C10: 00 00 00 00 00 00 00 00-00 00 00 00 00 00 00 00
xhciep: 2C20: 00 00 00 00 00 00 00 00-00 00 00 00 00 00 00 00
xhciep: 2C30: 00 00 00 00 00 00 00 00-00 00 00 00 00 00 00 00
xhciep: 2C40: 00 00 00 00 00 00 00 00-00 00 00 00 00 00 00 00
xhciep: 2C50: 00 00 00 00 00 00 00 00-00 00 00 00 00 00 00 00
xhciep: 2C60: 00 00 00 00 00 00 00 00-00 00 00 00 00 00 00 00
xhciep: 2C70: 80 28 62 00 04 00 00 00-00 00 00 00 02 18 00 00
xhciep: Endpoint 3 (addr 0x81, attr 0x3, maxpkt 1, interval 11)
xhciep: Count 64, Enqueue 1, Cycle 1
xhciep: Dumping 0x400 bytes starting at 0x623900
xhciep: 3900: 40 AE 93 00 04 00 00 00-01 00 00 00 21 04 00 00
xhciep: 3910: 00 00 00 00 00 00 00 00-00 00 00 00 00 00 00 00
xhciep: 3920: 00 00 00 00 00 00 00 00-00 00 00 00 00 00 00 00
xhciep: 3930: 00 00 00 00 00 00 00 00-00 00 00 00 00 00 00 00
xhciep: 3940: 00 00 00 00 00 00 00 00-00 00 00 00 00 00 00 00
xhciep: 3950: 00 00 00 00 00 00 00 00-00 00 00 00 00 00 00 00
xhciep: 3960: 00 00 00 00 00 00 00 00-00 00 00 00 00 00 00 00
xhciep: 3970: 00 00 00 00 00 00 00 00-00 00 00 00 00 00 00 00
xhciep: 3980: 00 00 00 00 00 00 00 00-00 00 00 00 00 00 00 00
xhciep: 3990: 00 00 00 00 00 00 00 00-00 00 00 00 00 00 00 00
xhciep: 39A0: 00 00 00 00 00 00 00 00-00 00 00 00 00 00 00 00
xhciep: 39B0: 00 00 00 00 00 00 00 00-00 00 00 00 00 00 00 00
xhciep: 39C0: 00 00 00 00 00 00 00 00-00 00 00 00 00 00 00 00
xhciep: 39D0: 00 00 00 00 00 00 00 00-00 00 00 00 00 00 00 00
xhciep: 39E0: 00 00 00 00 00 00 00 00-00 00 00 00 00 00 00 00
xhciep: 39F0: 00 00 00 00 00 00 00 00-00 00 00 00 00 00 00 00
xhciep: 3A00: 00 00 00 00 00 00 00 00-00 00 00 00 00 00 00 00
xhciep: 3A10: 00 00 00 00 00 00 00 00-00 00 00 00 00 00 00 00
xhciep: 3A20: 00 00 00 00 00 00 00 00-00 00 00 00 00 00 00 00
xhciep: 3A30: 00 00 00 00 00 00 00 00-00 00 00 00 00 00 00 00
xhciep: 3A40: 00 00 00 00 00 00 00 00-00 00 00 00 00 00 00 00
xhciep: 3A50: 00 00 00 00 00 00 00 00-00 00 00 00 00 00 00 00
xhciep: 3A60: 00 00 00 00 00 00 00 00-00 00 00 00 00 00 00 00
xhciep: 3A70: 00 00 00 00 00 00 00 00-00 00 00 00 00 00 00 00
xhciep: 3A80: 00 00 00 00 00 00 00 00-00 00 00 00 00 00 00 00
xhciep: 3A90: 00 00 00 00 00 00 00 00-00 00 00 00 00 00 00 00
xhciep: 3AA0: 00 00 00 00 00 00 00 00-00 00 00 00 00 00 00 00
xhciep: 3AB0: 00 00 00 00 00 00 00 00-00 00 00 00 00 00 00 00
xhciep: 3AC0: 00 00 00 00 00 00 00 00-00 00 00 00 00 00 00 00
xhciep: 3AD0: 00 00 00 00 00 00 00 00-00 00 00 00 00 00 00 00
xhciep: 3AE0: 00 00 00 00 00 00 00 00-00 00 00 00 00 00 00 00
xhciep: 3AF0: 00 00 00 00 00 00 00 00-00 00 00 00 00 00 00 00
xhciep: 3B00: 00 00 00 00 00 00 00 00-00 00 00 00 00 00 00 00
xhciep: 3B10: 00 00 00 00 00 00 00 00-00 00 00 00 00 00 00 00
xhciep: 3B20: 00 00 00 00 00 00 00 00-00 00 00 00 00 00 00 00
xhciep: 3B30: 00 00 00 00 00 00 00 00-00 00 00 00 00 00 00 00
xhciep: 3B40: 00 00 00 00 00 00 00 00-00 00 00 00 00 00 00 00
xhciep: 3B50: 00 00 00 00 00 00 00 00-00 00 00 00 00 00 00 00
xhciep: 3B60: 00 00 00 00 00 00 00 00-00 00 00 00 00 00 00 00
xhciep: 3B70: 00 00 00 00 00 00 00 00-00 00 00 00 00 00 00 00
xhciep: 3B80: 00 00 00 00 00 00 00 00-00 00 00 00 00 00 00 00
xhciep: 3B90: 00 00 00 00 00 00 00 00-00 00 00 00 00 00 00 00
xhciep: 3BA0: 00 00 00 00 00 00 00 00-00 00 00 00 00 00 00 00
xhciep: 3BB0: 00 00 00 00 00 00 00 00-00 00 00 00 00 00 00 00
xhciep: 3BC0: 00 00 00 00 00 00 00 00-00 00 00 00 00 00 00 00
xhciep: 3BD0: 00 00 00 00 00 00 00 00-00 00 00 00 00 00 00 00
xhciep: 3BE0: 00 00 00 00 00 00 00 00-00 00 00 00 00 00 00 00
xhciep: 3BF0: 00 00 00 00 00 00 00 00-00 00 00 00 00 00 00 00
xhciep: 3C00: 00 00 00 00 00 00 00 00-00 00 00 00 00 00 00 00
xhciep: 3C10: 00 00 00 00 00 00 00 00-00 00 00 00 00 00 00 00
xhci: MSI0
xhciep: Transfer event on endpoint 3 (completion 1, length 0)
xhciep: 3C20: 00 00 00 00 00 00 00 00-00 00 00 00 00 00 00 00
xhciep: 3C30: 00 00 00 00 00 00 00 00-00 00 00 00 00 00 00 00
xhciep: 3C40: 00 00 00 00 00 00 00 00-00 00 00 00 00 00 00 00
xhciep: 3C50: 00 00 00 00 00 00 00 00-00 00 00 00 00 00 00 00
xhciep: 3C60: 00 00 00 00 00 00 00 00-00 00 00 00 00 00 00 00
xhciep: 3C70: 00 00 00 00 00 00 00 00-00 00 00 00 00 00 00 00
xhciep: 3C80: 00 00 00 00 00 00 00 00-00 00 00 00 00 00 00 00
xhciep: 3C90: 00 00 00 00 00 00 00 00-00 00 00 00 00 00 00 00
xhciep: 3CA0: 00 00 00 00 00 00 00 00-00 00 00 00 00 00 00 00
xhciep: 3CB0: 00 00 00 00 00 00 00 00-00 00 00 00 00 00 00 00
xhciep: 3CC0: 00 00 00 00 00 00 00 00-00 00 00 00 00 00 00 00
xhciep: 3CD0: 00 00 00 00 00 00 00 00-00 00 00 00 00 00 00 00
xhciep: 3CE0: 00 00 00 00 00 00 00 00-00 00 00 00 00 00 00 00
xhciep: 3CF0: 00 39 62 00 04 00 00 00-00 00 00 00 02 18 00 00
xhciroot: Port 2: Status 0x2A0, Info 0x0
xhciroot: Port 3: Status 0x2A0, Info 0x0
xhciroot: Port 4: Status 0x2A0, Info 0x0
xhciroot: Port 5: Status 0x2A0, Info 0x0
xhcievt: Count 64, Dequeue 46, Cycle 1
xhcievt: Dumping 0x400 bytes starting at 0x600880
xhcievt: 0880: 00 00 00 01 00 00 00 00-00 00 00 01 01 88 00 00
xhcievt: 0890: 00 00 00 01 00 00 00 00-00 00 00 01 01 88 00 00
xhcievt: 08A0: 00 19 60 00 04 00 00 00-00 00 00 01 01 84 00 01
xhcievt: 08B0: 10 19 60 00 04 00 00 00-00 00 00 01 01 84 00 01
xhcievt: 08C0: A0 28 62 00 04 00 00 00-00 00 00 01 01 80 01 01
xhcievt: 08D0: D0 28 62 00 04 00 00 00-00 00 00 01 01 80 01 01
xhcievt: 08E0: 00 29 62 00 04 00 00 00-00 00 00 01 01 80 01 01
xhcievt: 08F0: 30 29 62 00 04 00 00 00-00 00 00 01 01 80 01 01
xhcievt: 0900: 60 29 62 00 04 00 00 00-00 00 00 01 01 80 01 01
xhcievt: 0910: 20 19 60 00 04 00 00 00-00 00 00 01 01 84 00 01
xhcievt: 0920: 80 29 62 00 04 00 00 00-00 00 00 01 01 80 01 01
xhcievt: 0930: 30 19 60 00 04 00 00 00-00 00 00 01 01 84 00 01
xhcievt: 0940: A0 29 62 00 04 00 00 00-00 00 00 01 01 80 01 01
xhcievt: 0950: C0 29 62 00 04 00 00 00-00 00 00 01 01 80 01 01
xhcievt: 0960: E0 29 62 00 04 00 00 00-00 00 00 01 01 80 01 01
xhcievt: 0970: 00 2A 62 00 04 00 00 00-00 00 00 01 01 80 01 01
xhcievt: 0980: 30 2A 62 00 04 00 00 00-00 00 00 01 01 80 01 01
xhcievt: 0990: 60 2A 62 00 04 00 00 00-00 00 00 01 01 80 01 01
xhcievt: 09A0: 90 2A 62 00 04 00 00 00-00 00 00 01 01 80 01 01
xhcievt: 09B0: C0 2A 62 00 04 00 00 00-00 00 00 01 01 80 01 01
xhcievt: 09C0: E0 2A 62 00 04 00 00 00-00 00 00 01 01 80 01 01
xhcievt: 09D0: 10 2B 62 00 04 00 00 00-00 00 00 01 01 80 01 01
xhcievt: 09E0: 40 19 60 00 04 00 00 00-00 00 00 01 01 84 00 02
xhcievt: 09F0: 50 19 60 00 04 00 00 00-00 00 00 01 01 84 00 02
xhcievt: 0A00: 60 41 62 00 04 00 00 00-00 00 00 01 01 80 01 02
xhcievt: 0A10: 90 41 62 00 04 00 00 00-00 00 00 01 01 80 01 02
xhcievt: 0A20: C0 41 62 00 04 00 00 00-00 00 00 01 01 80 01 02
xhcievt: 0A30: F0 41 62 00 04 00 00 00-00 00 00 01 01 80 01 02
xhcievt: 0A40: 10 42 62 00 04 00 00 00-00 00 00 01 01 80 01 02
xhcievt: 0A50: 60 19 60 00 04 00 00 00-00 00 00 01 01 84 00 02
xhcievt: 0A60: 30 42 62 00 04 00 00 00-00 00 00 01 01 80 01 02
xhcievt: 0A70: 60 42 62 00 04 00 00 00-00 00 00 01 01 80 01 02
xhcievt: 0A80: C0 51 62 00 04 00 00 00-00 00 00 01 01 80 03 02
xhcievt: 0A90: 90 42 62 00 04 00 00 00-00 00 00 01 01 80 01 02
xhcievt: 0AA0: 40 2B 62 00 04 00 00 00-00 00 00 01 01 80 01 01
xhcievt: 0AB0: 70 2B 62 00 04 00 00 00-00 00 00 01 01 80 01 01
xhcievt: 0AC0: A0 2B 62 00 04 00 00 00-00 00 00 01 01 80 01 01
xhcievt: 0AD0: D0 2B 62 00 04 00 00 00-00 00 00 01 01 80 01 01
xhcievt: 0AE0: 00 2C 62 00 04 00 00 00-00 00 00 01 01 80 01 01
xhcievt: 0AF0: 00 39 62 00 04 00 00 00-00 00 00 01 01 80 03 01
xhcievt: 0B00: D0 51 62 00 04 00 00 00-00 00 00 01 01 80 03 02
xhcievt: 0B10: E0 51 62 00 04 00 00 00-00 00 00 01 01 80 03 02
xhcievt: 0B20: F0 51 62 00 04 00 00 00-00 00 00 01 01 80 03 02
xhcievt: 0B30: 00 52 62 00 04 00 00 00-00 00 00 01 01 80 03 02
xhcievt: 0B40: 10 52 62 00 04 00 00 00-00 00 00 01 01 80 03 02
xhcievt: 0B50: 20 52 62 00 04 00 00 00-00 00 00 01 01 80 03 02
xhcievt: 0B60: 00 00 00 00 00 00 00 00-00 00 00 00 00 00 00 00
xhcievt: 0B70: 00 00 00 00 00 00 00 00-00 00 00 00 00 00 00 00
xhcievt: 0B80: 00 00 00 00 00 00 00 00-00 00 00 00 00 00 00 00
xhcievt: 0B90: 00 00 00 00 00 00 00 00-00 00 00 00 00 00 00 00
xhcievt: 0BA0: 00 00 00 00 00 00 00 00-00 00 00 00 00 00 00 00
xhcievt: 0BB0: 00 00 00 00 00 00 00 00-00 00 00 00 00 00 00 00
xhcievt: 0BC0: 00 00 00 00 00 00 00 00-00 00 00 00 00 00 00 00
xhcievt: 0BD0: 00 00 00 00 00 00 00 00-00 00 00 00 00 00 00 00
xhcievt: 0BE0: 00 00 00 00 00 00 00 00-00 00 00 00 00 00 00 00
xhcievt: 0BF0: 00 00 00 00 00 00 00 00-00 00 00 00 00 00 00 00
xhcievt: 0C00: 00 00 00 00 00 00 00 00-00 00 00 00 00 00 00 00
xhcievt: 0C10: 00 00 00 00 00 00 00 00-00 00 00 00 00 00 00 00
xhci: MSI0
xhciep: Transfer event on endpoint 3 (completion 1, length 0)
xhcievt: 0C20: 00 00 00 00 00 00 00 00-00 00 00 00 00 00 00 00
xhcievt: 0C30: 00 00 00 00 00 00 00 00-00 00 00 00 00 00 00 00
xhcievt: 0C40: 00 00 00 00 00 00 00 00-00 00 00 00 00 00 00 00
xhcievt: 0C50: 00 00 00 00 00 00 00 00-00 00 00 00 00 00 00 00
xhcievt: 0C60: 00 00 00 00 00 00 00 00-00 00 00 00 00 00 00 00
xhcievt: 0C70: 00 00 00 00 00 00 00 00-00 00 00 00 00 00 00 00
xhcicmd: Count 64, Enqueue 7, Cycle 1
xhcicmd: Dumping 0x400 bytes starting at 0x601900
xhcicmd: 1900: 00 00 00 00 00 00 00 00-00 00 00 00 01 24 00 00
xhcicmd: 1910: 00 30 93 00 04 00 00 00-00 00 00 00 01 2C 00 01
xhcicmd: 1920: 00 30 93 00 04 00 00 00-00 00 00 00 01 34 00 01
xhcicmd: 1930: 00 30 93 00 04 00 00 00-00 00 00 00 01 30 00 01
xhcicmd: 1940: 00 00 00 00 00 00 00 00-00 00 00 00 01 24 00 00
xhcicmd: 1950: 00 30 93 00 04 00 00 00-00 00 00 00 01 2C 00 02
xhcicmd: 1960: 00 30 93 00 04 00 00 00-00 00 00 00 01 30 00 02
xhcicmd: 1970: 00 00 00 00 00 00 00 00-00 00 00 00 00 00 00 00
xhcicmd: 1980: 00 00 00 00 00 00 00 00-00 00 00 00 00 00 00 00
xhcicmd: 1990: 00 00 00 00 00 00 00 00-00 00 00 00 00 00 00 00
xhcicmd: 19A0: 00 00 00 00 00 00 00 00-00 00 00 00 00 00 00 00
xhcicmd: 19B0: 00 00 00 00 00 00 00 00-00 00 00 00 00 00 00 00
xhcicmd: 19C0: 00 00 00 00 00 00 00 00-00 00 00 00 00 00 00 00
xhcicmd: 19D0: 00 00 00 00 00 00 00 00-00 00 00 00 00 00 00 00
xhcicmd: 19E0: 00 00 00 00 00 00 00 00-00 00 00 00 00 00 00 00
xhcicmd: 19F0: 00 00 00 00 00 00 00 00-00 00 00 00 00 00 00 00
xhcicmd: 1A00: 00 00 00 00 00 00 00 00-00 00 00 00 00 00 00 00
xhcicmd: 1A10: 00 00 00 00 00 00 00 00-00 00 00 00 00 00 00 00
xhcicmd: 1A20: 00 00 00 00 00 00 00 00-00 00 00 00 00 00 00 00
xhcicmd: 1A30: 00 00 00 00 00 00 00 00-00 00 00 00 00 00 00 00
xhcicmd: 1A40: 00 00 00 00 00 00 00 00-00 00 00 00 00 00 00 00
xhcicmd: 1A50: 00 00 00 00 00 00 00 00-00 00 00 00 00 00 00 00
xhcicmd: 1A60: 00 00 00 00 00 00 00 00-00 00 00 00 00 00 00 00
xhcicmd: 1A70: 00 00 00 00 00 00 00 00-00 00 00 00 00 00 00 00
xhcicmd: 1A80: 00 00 00 00 00 00 00 00-00 00 00 00 00 00 00 00
xhcicmd: 1A90: 00 00 00 00 00 00 00 00-00 00 00 00 00 00 00 00
xhcicmd: 1AA0: 00 00 00 00 00 00 00 00-00 00 00 00 00 00 00 00
xhcicmd: 1AB0: 00 00 00 00 00 00 00 00-00 00 00 00 00 00 00 00
xhcicmd: 1AC0: 00 00 00 00 00 00 00 00-00 00 00 00 00 00 00 00
xhcicmd: 1AD0: 00 00 00 00 00 00 00 00-00 00 00 00 00 00 00 00
xhcicmd: 1AE0: 00 00 00 00 00 00 00 00-00 00 00 00 00 00 00 00
xhcicmd: 1AF0: 00 00 00 00 00 00 00 00-00 00 00 00 00 00 00 00
xhcicmd: 1B00: 00 00 00 00 00 00 00 00-00 00 00 00 00 00 00 00
xhcicmd: 1B10: 00 00 00 00 00 00 00 00-00 00 00 00 00 00 00 00
xhcicmd: 1B20: 00 00 00 00 00 00 00 00-00 00 00 00 00 00 00 00
xhcicmd: 1B30: 00 00 00 00 00 00 00 00-00 00 00 00 00 00 00 00
xhcicmd: 1B40: 00 00 00 00 00 00 00 00-00 00 00 00 00 00 00 00
xhcicmd: 1B50: 00 00 00 00 00 00 00 00-00 00 00 00 00 00 00 00
xhcicmd: 1B60: 00 00 00 00 00 00 00 00-00 00 00 00 00 00 00 00
xhcicmd: 1B70: 00 00 00 00 00 00 00 00-00 00 00 00 00 00 00 00
xhcicmd: 1B80: 00 00 00 00 00 00 00 00-00 00 00 00 00 00 00 00
xhcicmd: 1B90: 00 00 00 00 00 00 00 00-00 00 00 00 00 00 00 00
xhcicmd: 1BA0: 00 00 00 00 00 00 00 00-00 00 00 00 00 00 00 00
xhcicmd: 1BB0: 00 00 00 00 00 00 00 00-00 00 00 00 00 00 00 00
xhcicmd: 1BC0: 00 00 00 00 00 00 00 00-00 00 00 00 00 00 00 00
xhcicmd: 1BD0: 00 00 00 00 00 00 00 00-00 00 00 00 00 00 00 00
xhcicmd: 1BE0: 00 00 00 00 00 00 00 00-00 00 00 00 00 00 00 00
xhcicmd: 1BF0: 00 00 00 00 00 00 00 00-00 00 00 00 00 00 00 00
xhcicmd: 1C00: 00 00 00 00 00 00 00 00-00 00 00 00 00 00 00 00
xhcicmd: 1C10: 00 00 00 00 00 00 00 00-00 00 00 00 00 00 00 00
xhcicmd: 1C20: 00 00 00 00 00 00 00 00-00 00 00 00 00 00 00 00
xhcicmd: 1C30: 00 00 00 00 00 00 00 00-00 00 00 00 00 00 00 00
xhcicmd: 1C40: 00 00 00 00 00 00 00 00-00 00 00 00 00 00 00 00
xhcicmd: 1C50: 00 00 00 00 00 00 00 00-00 00 00 00 00 00 00 00
xhcicmd: 1C60: 00 00 00 00 00 00 00 00-00 00 00 00 00 00 00 00
xhcicmd: 1C70: 00 00 00 00 00 00 00 00-00 00 00 00 00 00 00 00
xhcicmd: 1C80: 00 00 00 00 00 00 00 00-00 00 00 00 00 00 00 00
xhcicmd: 1C90: 00 00 00 00 00 00 00 00-00 00 00 00 00 00 00 00
xhcicmd: 1CA0: 00 00 00 00 00 00 00 00-00 00 00 00 00 00 00 00
xhcicmd: 1CB0: 00 00 00 00 00 00 00 00-00 00 00 00 00 00 00 00
xhcicmd: 1CC0: 00 00 00 00 00 00 00 00-00 00 00 00 00 00 00 00
xhcicmd: 1CD0: 00 00 00 00 00 00 00 00-00 00 00 00 00 00 00 00
xhcicmd: 1CE0: 00 00 00 00 00 00 00 00-00 00 00 00 00 00 00 00
xhcicmd: 1CF0: 00 19 60 00 04 00 00 00-00 00 00 00 02 18 00 00
xhcidcbaa: Dumping 0x108 bytes starting at 0x600040
xhcidcbaa: 0040: 40 20 62 00 04 00 00 00-C0 30 62 00 04 00 00 00
xhcidcbaa: 0050: 80 49 62 00 04 00 00 00-00 00 00 00 00 00 00 00
xhcidcbaa: 0060: 00 00 00 00 00 00 00 00-00 00 00 00 00 00 00 00
xhcidcbaa: 0070: 00 00 00 00 00 00 00 00-00 00 00 00 00 00 00 00
xhci: MSI0
xhciep: Transfer event on endpoint 3 (completion 1, length 0)
xhcidcbaa: 0080: 00 00 00 00 00 00 00 00-00 00 00 00 00 00 00 00
xhcidcbaa: 0090: 00 00 00 00 00 00 00 00-00 00 00 00 00 00 00 00
xhcidcbaa: 00A0: 00 00 00 00 00 00 00 00-00 00 00 00 00 00 00 00
xhcidcbaa: 00B0: 00 00 00 00 00 00 00 00-00 00 00 00 00 00 00 00
xhcidcbaa: 00C0: 00 00 00 00 00 00 00 00-00 00 00 00 00 00 00 00
xhcidcbaa: 00D0: 00 00 00 00 00 00 00 00-00 00 00 00 00 00 00 00
xhcidcbaa: 00E0: 00 00 00 00 00 00 00 00-00 00 00 00 00 00 00 00
xhcidcbaa: 00F0: 00 00 00 00 00 00 00 00-00 00 00 00 00 00 00 00
xhcidcbaa: 0100: 00 00 00 00 00 00 00 00-00 00 00 00 00 00 00 00
xhcidcbaa: 0110: 00 00 00 00 00 00 00 00-00 00 00 00 00 00 00 00
xhcidcbaa: 0120: 00 00 00 00 00 00 00 00-00 00 00 00 00 00 00 00
xhcidcbaa: 0130: 00 00 00 00 00 00 00 00-00 00 00 00 00 00 00 00
xhcidcbaa: 0140: 00 00 00 00 00 00 00 00-00 00 00 00 00 00 00 00
xhcicap: Dumping 0x1C bytes starting at 0x600000000
xhcicap: 0000: 20 00 00 01 20 04 00 05-31 00 00 FC 04 00 E7 00
xhcicap: 0010: EB 41 28 00 00 01 00 00-00 02 00 00 00 00 00 00
xhciop: Dumping 0x3C bytes starting at 0x600000020
xhciop: 0020: 05 00 00 00 00 00 00 00-01 00 00 00 00 00 00 00
xhciop: 0030: 00 00 00 00 00 00 00 00-08 00 00 00 00 00 00 00
xhciop: 0040: 00 00 00 00 00 00 00 00-00 00 00 00 00 00 00 00
xhciop: 0050: 40 00 60 00 04 00 00 00-20 00 00 00 00 00 00 00
xhciir0: Dumping 0x20 bytes starting at 0x600000220
xhciir0: 0220: 02 00 00 00 F4 01 00 00-01 00 00 00 00 00 00 00
xhciir0: 0230: C0 10 60 00 04 00 00 00-80 0B 60 00 04 00 00 00
pcie: Bridge status is 0x10
pcie: Device status is 0x10
xhci: 2921 KB shared memory free
kernel: Compile time: Sep 18 2025 22:28:37
kernel: Please attach an USB keyboard, if not already done!
xhci: MSI0
xhciep: Transfer event on endpoint 1 (completion 1, length 0)
xhci: MSI0
xhciep: Transfer event on endpoint 1 (completion 1, length 0)
xhci: MSI0
xhciep: Transfer event on endpoint 1 (completion 1, length 0)
kernel: Just type something!








xhcidev: Dumping 0x100 bytes starting at 0x6230C0
xhcidev: 30C0: 00 00 30 18 00 00 01 00-00 00 00 00 01 00 00 18
xhcidev: 30D0: 00 00 00 00 00 00 00 00-00 00 00 00 00 00 00 00
xhcidev: 30E0: 01 00 00 00 26 00 40 00-81 28 62 00 04 00 00 00
xhcidev: 30F0: 08 00 00 00 00 00 00 00-00 00 00 00 00 00 00 00
xhcidev: 3100: 00 00 00 00 00 00 00 00-00 00 00 00 00 00 00 00
xhcidev: 3110: 00 00 00 00 00 00 00 00-00 00 00 00 00 00 00 00
xhcidev: 3120: 01 00 0B 00 3E 00 01 00-01 39 62 00 04 00 00 00
xhcidev: 3130: 10 00 01 00 00 00 00 00-00 00 00 00 00 00 00 00
xhcidev: 3140: 00 00 00 00 00 00 00 00-00 00 00 00 00 00 00 00
xhcidev: 3150: 00 00 00 00 00 00 00 00-00 00 00 00 00 00 00 00
xhcidev: 3160: 00 00 00 00 00 00 00 00-00 00 00 00 00 00 00 00
xhcidev: 3170: 00 00 00 00 00 00 00 00-00 00 00 00 00 00 00 00
xhcidev: 3180: 00 00 00 00 00 00 00 00-00 00 00 00 00 00 00 00
xhcidev: 3190: 00 00 00 00 00 00 00 00-00 00 00 00 00 00 00 00
xhcidev: 31A0: 00 00 00 00 00 00 00 00-00 00 00 00 00 00 00 00
xhcidev: 31B0: 00 00 00 00 00 00 00 00-00 00 00 00 00 00 00 00

Slot Context
0x18300000 0b00011 0 0 0 0011 00000000000000000000
0x00010000 0b00000000 00000001 0000000000000000
0x00000000 0b0000000000 0000 00 00000000 00000000
0x18000001 0b00011 0000000000000000000 00000001
0x00000000 0b00000000000000000000000000000000
0x00000000 0b00000000000000000000000000000000
0x00000000 0b00000000000000000000000000000000
0x00000000 0b00000000000000000000000000000000

Context Entries = 3
Hub = 0
MTT (Multiple TT support) = 0 (disabled)
Speed = 3
Route String = 0
Number of Ports = 0
Root Hub Port Number = 1
Max Exit Latency = 0 (informs the xHC that no links in the path to the device are being power managed)
Interrupter Target = 0
TTT = 0 (not a high speed hub)
Parent Port Number = 0 (parent not a high speed hub)
Parent Hub Slot ID = 0 (parent not a high speed hub)
Slot State = 3
USB Device Address = 1

Endpoint Context 0 Bidirectional
0x00000001 0b00000000 00000000 0 00000 00 00000 001
0x00400026 0b0000000001000000 00000000 0 0 100 11 0
0x00622881 0b0000000001100010001010001000 000 1
0x00000004 0b00000000000000000000000000000100
0x00000008 0b0000000000000000 0000000000001000
0x00000000 0b00000000000000000000000000000000
0x00000000 0b00000000000000000000000000000000
0x00000000 0b00000000000000000000000000000000

EP State = 1
Mult = 0
MaxPStreams = 0
LSA = 0
Interval = 0
Max ESIT Payload = 0
CErr = 3
EP Type = 4
HID = 0
Max Burst Size = 0
Max Packet Size = 64
DCS = 1
TR Dequeue Pointer = 0x0x400622880
Average TRB length = 8

Endpoint Context 1 OUT - all zeros -
0x00000000 0b00000000000000000000000000000000
0x00000000 0b00000000000000000000000000000000
0x00000000 0b00000000000000000000000000000000
0x00000000 0b00000000000000000000000000000000
0x00000000 0b00000000000000000000000000000000
0x00000000 0b00000000000000000000000000000000
0x00000000 0b00000000000000000000000000000000
0x00000000 0b00000000000000000000000000000000

Endpoint Context 1 IN
0x000b0001 0b00000000 00001011 0 00000 00 00000 001
0x0001003e 0b0000000000000001 00000000 0 0 111 11 0
0x00623901 0b0000000001100010001110010000 000 1
0x00000004 0b00000000000000000000000000000100
0x00010010 0b0000000000000001 0000000000010000
0x00000000 0b00000000000000000000000000000000
0x00000000 0b00000000000000000000000000000000
0x00000000 0b00000000000000000000000000000000

EP State = 1 (Running)
Mult = 0
MaxPStreams = 0
LSA = 0
Interval = 11 (=> 256 ms)
Max ESIT Payload = 1
CErr = 3
EP Type = 7
HID = 0
Max Burst Size = 0
Max Packet Size = 1
DCS = 1
TR Dequeue Pointer = 0x400623900
Aberage TRB length = 16





inputcontext: Dumping 0x420 bytes starting at 0x933000

Input Control Context

inputcontext: 3000: 00 00 00 00 03 00 00 00-00 00 00 00 00 00 00 00
inputcontext: 3010: 00 00 00 00 00 00 00 00-00 00 00 00 00 00 00 00

A0: 1
A1: 1


Slot Context

inputcontext: 3020: 00 00 30 08 00 00 01 00-00 00 00 00 00 00 00 00
inputcontext: 3030: 00 00 00 00 00 00 00 00-00 00 00 00 00 00 00 00

0x08300000 0b00001 0 0 0 0011 00000000000000000000
0x00010000 0b00000000 00000001 0000000000000000

Context Entries = 1
Hub = 0
MTT (Multiple TT support) = 0 (disabled)
Speed = 3
Route String = 0
Number of Ports = 0
Root Hub Port Number = 1



Endpoint Context

inputcontext: 3040: 00 00 00 00 26 00 40 00-81 28 62 00 04 00 00 00
inputcontext: 3050: 08 00 00 00 00 00 00 00-00 00 00 00 00 00 00 00

0x00000000 0b00000000 00000000 0 00000 00 00000 000
0x00400026 0b0000000001000000 00000000 0 0 100 11 0
0x00622881 0b0000000001100010001010001000 000 1
0x00000004 0b00000000000000000000000000000100
0x00000008 0b0000000000000000 0000000000001000

EP State = 0 (Disabled)
Mult = 0
MaxPStreams = 0
LSA = 0
Interval = 11 (=> 256 ms)
Max ESIT Payload = 1
CErr = 3
EP Type = 7
HID = 0
Max Burst Size = 0
Max Packet Size = 1
DCS = 1
TR Dequeue Pointer = 0x400623900
Aberage TRB length = 16
